[ 2017-02-08T10:41:03+08:00 ] 127.0.0.1 /index.php/Home/Area/getProvinces.html
INFO: [ app_begin ] --START--
INFO: Run Behavior\ReadHtmlCacheBehavior [ RunTime:0.003068s ]
INFO: [ app_begin ] --END-- [ RunTime:0.004953s ]
SQL: SHOW COLUMNS FROM `tp_area` [ RunTime:0.0276s ]
SQL: SELECT `id`,`name` FROM `tp_area` WHERE `type` = 1  [ RunTime:0.0144s ]
INFO: [ app_end ] --START--
INFO: Run Behavior\ShowPageTraceBehavior [ RunTime:0.003260s ]
INFO: [ app_end ] --END-- [ RunTime:0.003519s ]

[ 2017-02-08T10:44:28+08:00 ] 127.0.0.1 /index.php/Home/Area/getProvinces.html
INFO: [ app_begin ] --START--
INFO: Run Behavior\ReadHtmlCacheBehavior [ RunTime:0.007807s ]
INFO: [ app_begin ] --END-- [ RunTime:0.011178s ]
SQL: SHOW COLUMNS FROM `tp_area` [ RunTime:0.0292s ]
SQL: SELECT `id`,`name` FROM `tp_area` WHERE `type` = 1  [ RunTime:0.0129s ]
INFO: [ app_end ] --START--
INFO: Run Behavior\ShowPageTraceBehavior [ RunTime:0.002251s ]
INFO: [ app_end ] --END-- [ RunTime:0.002481s ]

[ 2017-02-08T11:53:24+08:00 ] 127.0.0.1 /index.php/Home/Area/getProvinces.html
INFO: [ app_begin ] --START--
INFO: Run Behavior\ReadHtmlCacheBehavior [ RunTime:0.003874s ]
INFO: [ app_begin ] --END-- [ RunTime:0.008506s ]
SQL: SHOW COLUMNS FROM `tp_area` [ RunTime:0.0265s ]
SQL: SELECT `id`,`name` FROM `tp_area` WHERE `type` = 1  [ RunTime:0.0126s ]
INFO: [ app_end ] --START--
INFO: Run Behavior\ShowPageTraceBehavior [ RunTime:0.003495s ]
INFO: [ app_end ] --END-- [ RunTime:0.003831s ]

[ 2017-02-08T11:55:10+08:00 ] 127.0.0.1 /index.php/Home/Area/getProvinces.html
INFO: [ app_begin ] --START--
INFO: Run Behavior\ReadHtmlCacheBehavior [ RunTime:0.002837s ]
INFO: [ app_begin ] --END-- [ RunTime:0.005204s ]
SQL: SHOW COLUMNS FROM `tp_area` [ RunTime:0.0214s ]
SQL: SELECT `id`,`name` FROM `tp_area` WHERE `type` = 1  [ RunTime:0.0108s ]
INFO: [ app_end ] --START--
INFO: Run Behavior\ShowPageTraceBehavior [ RunTime:0.001497s ]
INFO: [ app_end ] --END-- [ RunTime:0.001699s ]

[ 2017-02-08T11:55:51+08:00 ] 127.0.0.1 /index.php/Home/Area/getCitys/pid/22
INFO: [ app_begin ] --START--
INFO: Run Behavior\ReadHtmlCacheBehavior [ RunTime:0.004836s ]
INFO: [ app_begin ] --END-- [ RunTime:0.007261s ]
SQL: SHOW COLUMNS FROM `tp_area` [ RunTime:0.0373s ]
SQL: SELECT `id`,`name` FROM `tp_area` WHERE `parent_id` = 22  [ RunTime:0.0101s ]
INFO: [ app_end ] --START--
INFO: Run Behavior\ShowPageTraceBehavior [ RunTime:0.002558s ]
INFO: [ app_end ] --END-- [ RunTime:0.002789s ]

[ 2017-02-08T11:55:55+08:00 ] 127.0.0.1 /index.php/Home/Area/getCountys/xpid/292
INFO: [ app_begin ] --START--
INFO: Run Behavior\ReadHtmlCacheBehavior [ RunTime:0.010193s ]
INFO: [ app_begin ] --END-- [ RunTime:0.011905s ]
SQL: SHOW COLUMNS FROM `tp_area` [ RunTime:0.0225s ]
SQL: SELECT `id`,`name` FROM `tp_area` WHERE `parent_id` = 292  [ RunTime:0.0072s ]
INFO: [ app_end ] --START--
INFO: Run Behavior\ShowPageTraceBehavior [ RunTime:0.001821s ]
INFO: [ app_end ] --END-- [ RunTime:0.001999s ]

[ 2017-02-08T11:58:16+08:00 ] 127.0.0.1 /index.php/Home/Area/getProvinces.html
INFO: [ app_begin ] --START--
INFO: Run Behavior\ReadHtmlCacheBehavior [ RunTime:0.002998s ]
INFO: [ app_begin ] --END-- [ RunTime:0.006582s ]
SQL: SHOW COLUMNS FROM `tp_area` [ RunTime:0.0227s ]
SQL: SELECT `id`,`name` FROM `tp_area` WHERE `type` = 1  [ RunTime:0.0088s ]
INFO: [ app_end ] --START--
INFO: Run Behavior\ShowPageTraceBehavior [ RunTime:0.001685s ]
INFO: [ app_end ] --END-- [ RunTime:0.001861s ]

[ 2017-02-08T11:58:25+08:00 ] 127.0.0.1 /index.php/Home/Area/getProvinces.html
INFO: [ app_begin ] --START--
INFO: Run Behavior\ReadHtmlCacheBehavior [ RunTime:0.002445s ]
INFO: [ app_begin ] --END-- [ RunTime:0.004954s ]
SQL: SHOW COLUMNS FROM `tp_area` [ RunTime:0.0421s ]
SQL: SELECT `id`,`name` FROM `tp_area` WHERE `type` = 1  [ RunTime:0.0119s ]
INFO: [ app_end ] --START--
INFO: Run Behavior\ShowPageTraceBehavior [ RunTime:0.002632s ]
INFO: [ app_end ] --END-- [ RunTime:0.002878s ]

[ 2017-02-08T12:33:37+08:00 ] 127.0.0.1 /index.php/Home/Area/getProvinces.html
INFO: [ app_begin ] --START--
INFO: Run Behavior\ReadHtmlCacheBehavior [ RunTime:0.004458s ]
INFO: [ app_begin ] --END-- [ RunTime:0.008043s ]
SQL: SHOW COLUMNS FROM `tp_area` [ RunTime:0.0326s ]
SQL: SELECT `id`,`name` FROM `tp_area` WHERE `type` = 1  [ RunTime:0.0100s ]
INFO: [ app_end ] --START--
INFO: Run Behavior\ShowPageTraceBehavior [ RunTime:0.002045s ]
INFO: [ app_end ] --END-- [ RunTime:0.002295s ]

[ 2017-02-08T12:40:45+08:00 ] 127.0.0.1 /index.php/Home/My/cperson
ERR: 非法操作:cperson

[ 2017-02-08T13:07:49+08:00 ] 127.0.0.1 /index.php/Home/Area/getProvinces.html
INFO: [ app_begin ] --START--
INFO: Run Behavior\ReadHtmlCacheBehavior [ RunTime:0.011442s ]
INFO: [ app_begin ] --END-- [ RunTime:0.013360s ]
SQL: SHOW COLUMNS FROM `tp_area` [ RunTime:0.0352s ]
SQL: SELECT `id`,`name` FROM `tp_area` WHERE `type` = 1  [ RunTime:0.0112s ]
INFO: [ app_end ] --START--
INFO: Run Behavior\ShowPageTraceBehavior [ RunTime:0.001610s ]
INFO: [ app_end ] --END-- [ RunTime:0.001816s ]

[ 2017-02-08T13:15:19+08:00 ] 127.0.0.1 /index.php/Home/Area/getProvinces.html
INFO: [ app_begin ] --START--
INFO: Run Behavior\ReadHtmlCacheBehavior [ RunTime:0.007121s ]
INFO: [ app_begin ] --END-- [ RunTime:0.009454s ]
SQL: SHOW COLUMNS FROM `tp_area` [ RunTime:0.0376s ]
SQL: SELECT `id`,`name` FROM `tp_area` WHERE `type` = 1  [ RunTime:0.0141s ]
INFO: [ app_end ] --START--
INFO: Run Behavior\ShowPageTraceBehavior [ RunTime:0.002277s ]
INFO: [ app_end ] --END-- [ RunTime:0.002560s ]

[ 2017-02-08T13:16:44+08:00 ] 127.0.0.1 /index.php/Home/Area/getProvinces.html
INFO: [ app_begin ] --START--
INFO: Run Behavior\ReadHtmlCacheBehavior [ RunTime:0.002778s ]
INFO: [ app_begin ] --END-- [ RunTime:0.005838s ]
SQL: SHOW COLUMNS FROM `tp_area` [ RunTime:0.0223s ]
SQL: SELECT `id`,`name` FROM `tp_area` WHERE `type` = 1  [ RunTime:0.0110s ]
INFO: [ app_end ] --START--
INFO: Run Behavior\ShowPageTraceBehavior [ RunTime:0.002223s ]
INFO: [ app_end ] --END-- [ RunTime:0.002553s ]

[ 2017-02-08T13:17:11+08:00 ] 127.0.0.1 /index.php/Home/Area/getProvinces.html
INFO: [ app_begin ] --START--
INFO: Run Behavior\ReadHtmlCacheBehavior [ RunTime:0.002971s ]
INFO: [ app_begin ] --END-- [ RunTime:0.005278s ]
SQL: SHOW COLUMNS FROM `tp_area` [ RunTime:0.0383s ]
SQL: SELECT `id`,`name` FROM `tp_area` WHERE `type` = 1  [ RunTime:0.0135s ]
INFO: [ app_end ] --START--
INFO: Run Behavior\ShowPageTraceBehavior [ RunTime:0.002750s ]
INFO: [ app_end ] --END-- [ RunTime:0.003002s ]

[ 2017-02-08T13:17:16+08:00 ] 127.0.0.1 /index.php/Home/Area/getProvinces.html
INFO: [ app_begin ] --START--
INFO: Run Behavior\ReadHtmlCacheBehavior [ RunTime:0.002482s ]
INFO: [ app_begin ] --END-- [ RunTime:0.004617s ]
SQL: SHOW COLUMNS FROM `tp_area` [ RunTime:0.0286s ]
SQL: SELECT `id`,`name` FROM `tp_area` WHERE `type` = 1  [ RunTime:0.0148s ]
INFO: [ app_end ] --START--
INFO: Run Behavior\ShowPageTraceBehavior [ RunTime:0.002627s ]
INFO: [ app_end ] --END-- [ RunTime:0.002896s ]

[ 2017-02-08T13:17:24+08:00 ] 127.0.0.1 /index.php/Home/Area/getProvinces.html
INFO: [ app_begin ] --START--
INFO: Run Behavior\ReadHtmlCacheBehavior [ RunTime:0.002120s ]
INFO: [ app_begin ] --END-- [ RunTime:0.004990s ]
SQL: SHOW COLUMNS FROM `tp_area` [ RunTime:0.0280s ]
SQL: SELECT `id`,`name` FROM `tp_area` WHERE `type` = 1  [ RunTime:0.0118s ]
INFO: [ app_end ] --START--
INFO: Run Behavior\ShowPageTraceBehavior [ RunTime:0.001889s ]
INFO: [ app_end ] --END-- [ RunTime:0.002121s ]

[ 2017-02-08T13:17:56+08:00 ] 127.0.0.1 /index.php/Home/Area/getProvinces.html
INFO: [ app_begin ] --START--
INFO: Run Behavior\ReadHtmlCacheBehavior [ RunTime:0.002816s ]
INFO: [ app_begin ] --END-- [ RunTime:0.004631s ]
SQL: SHOW COLUMNS FROM `tp_area` [ RunTime:0.0187s ]
SQL: SELECT `id`,`name` FROM `tp_area` WHERE `type` = 1  [ RunTime:0.0092s ]
INFO: [ app_end ] --START--
INFO: Run Behavior\ShowPageTraceBehavior [ RunTime:0.001749s ]
INFO: [ app_end ] --END-- [ RunTime:0.001927s ]

[ 2017-02-08T13:18:00+08:00 ] 127.0.0.1 /index.php/Home/Area/getProvinces.html
INFO: [ app_begin ] --START--
INFO: Run Behavior\ReadHtmlCacheBehavior [ RunTime:0.001764s ]
INFO: [ app_begin ] --END-- [ RunTime:0.003024s ]
SQL: SHOW COLUMNS FROM `tp_area` [ RunTime:0.0398s ]
SQL: SELECT `id`,`name` FROM `tp_area` WHERE `type` = 1  [ RunTime:0.0105s ]
INFO: [ app_end ] --START--
INFO: Run Behavior\ShowPageTraceBehavior [ RunTime:0.002155s ]
INFO: [ app_end ] --END-- [ RunTime:0.002384s ]

[ 2017-02-08T13:18:24+08:00 ] 127.0.0.1 /index.php/Home/Area/getProvinces.html
INFO: [ app_begin ] --START--
INFO: Run Behavior\ReadHtmlCacheBehavior [ RunTime:0.010529s ]
INFO: [ app_begin ] --END-- [ RunTime:0.012751s ]
SQL: SHOW COLUMNS FROM `tp_area` [ RunTime:0.0300s ]
SQL: SELECT `id`,`name` FROM `tp_area` WHERE `type` = 1  [ RunTime:0.0150s ]
INFO: [ app_end ] --START--
INFO: Run Behavior\ShowPageTraceBehavior [ RunTime:0.004386s ]
INFO: [ app_end ] --END-- [ RunTime:0.004935s ]

[ 2017-02-08T13:18:28+08:00 ] 127.0.0.1 /index.php/Home/Area/getProvinces.html
INFO: [ app_begin ] --START--
INFO: Run Behavior\ReadHtmlCacheBehavior [ RunTime:0.001316s ]
INFO: [ app_begin ] --END-- [ RunTime:0.002329s ]
SQL: SHOW COLUMNS FROM `tp_area` [ RunTime:0.0175s ]
SQL: SELECT `id`,`name` FROM `tp_area` WHERE `type` = 1  [ RunTime:0.0050s ]
INFO: [ app_end ] --START--
INFO: Run Behavior\ShowPageTraceBehavior [ RunTime:0.001626s ]
INFO: [ app_end ] --END-- [ RunTime:0.001797s ]

[ 2017-02-08T13:18:47+08:00 ] 127.0.0.1 /index.php/Home/Area/getProvinces.html
INFO: [ app_begin ] --START--
INFO: Run Behavior\ReadHtmlCacheBehavior [ RunTime:0.002167s ]
INFO: [ app_begin ] --END-- [ RunTime:0.004139s ]
SQL: SHOW COLUMNS FROM `tp_area` [ RunTime:0.0266s ]
SQL: SELECT `id`,`name` FROM `tp_area` WHERE `type` = 1  [ RunTime:0.0086s ]
INFO: [ app_end ] --START--
INFO: Run Behavior\ShowPageTraceBehavior [ RunTime:0.001744s ]
INFO: [ app_end ] --END-- [ RunTime:0.001943s ]

[ 2017-02-08T13:19:16+08:00 ] 127.0.0.1 /index.php/Home/Area/getProvinces.html
INFO: [ app_begin ] --START--
INFO: Run Behavior\ReadHtmlCacheBehavior [ RunTime:0.002120s ]
INFO: [ app_begin ] --END-- [ RunTime:0.004284s ]
SQL: SHOW COLUMNS FROM `tp_area` [ RunTime:0.0287s ]
SQL: SELECT `id`,`name` FROM `tp_area` WHERE `type` = 1  [ RunTime:0.0091s ]
INFO: [ app_end ] --START--
INFO: Run Behavior\ShowPageTraceBehavior [ RunTime:0.002022s ]
INFO: [ app_end ] --END-- [ RunTime:0.002271s ]

[ 2017-02-08T13:19:28+08:00 ] 127.0.0.1 /index.php/Home/Area/getProvinces.html
INFO: [ app_begin ] --START--
INFO: Run Behavior\ReadHtmlCacheBehavior [ RunTime:0.003276s ]
INFO: [ app_begin ] --END-- [ RunTime:0.004980s ]
SQL: SHOW COLUMNS FROM `tp_area` [ RunTime:0.0382s ]
SQL: SELECT `id`,`name` FROM `tp_area` WHERE `type` = 1  [ RunTime:0.0112s ]
INFO: [ app_end ] --START--
INFO: Run Behavior\ShowPageTraceBehavior [ RunTime:0.001992s ]
INFO: [ app_end ] --END-- [ RunTime:0.002193s ]

[ 2017-02-08T13:19:54+08:00 ] 127.0.0.1 /index.php/Home/Area/getProvinces.html
INFO: [ app_begin ] --START--
INFO: Run Behavior\ReadHtmlCacheBehavior [ RunTime:0.004311s ]
INFO: [ app_begin ] --END-- [ RunTime:0.006080s ]
SQL: SHOW COLUMNS FROM `tp_area` [ RunTime:0.0273s ]
SQL: SELECT `id`,`name` FROM `tp_area` WHERE `type` = 1  [ RunTime:0.0105s ]
INFO: [ app_end ] --START--
INFO: Run Behavior\ShowPageTraceBehavior [ RunTime:0.001690s ]
INFO: [ app_end ] --END-- [ RunTime:0.001895s ]

[ 2017-02-08T13:23:32+08:00 ] 127.0.0.1 /index.php/Home/Area/getProvinces.html
INFO: [ app_begin ] --START--
INFO: Run Behavior\ReadHtmlCacheBehavior [ RunTime:0.003011s ]
INFO: [ app_begin ] --END-- [ RunTime:0.005569s ]
SQL: SHOW COLUMNS FROM `tp_area` [ RunTime:0.0302s ]
SQL: SELECT `id`,`name` FROM `tp_area` WHERE `type` = 1  [ RunTime:0.0089s ]
INFO: [ app_end ] --START--
INFO: Run Behavior\ShowPageTraceBehavior [ RunTime:0.002099s ]
INFO: [ app_end ] --END-- [ RunTime:0.002325s ]

[ 2017-02-08T13:24:32+08:00 ] 127.0.0.1 /index.php/Home/Area/getProvinces.html
INFO: [ app_begin ] --START--
INFO: Run Behavior\ReadHtmlCacheBehavior [ RunTime:0.003279s ]
INFO: [ app_begin ] --END-- [ RunTime:0.004954s ]
SQL: SHOW COLUMNS FROM `tp_area` [ RunTime:0.0243s ]
SQL: SELECT `id`,`name` FROM `tp_area` WHERE `type` = 1  [ RunTime:0.0063s ]
INFO: [ app_end ] --START--
INFO: Run Behavior\ShowPageTraceBehavior [ RunTime:0.001858s ]
INFO: [ app_end ] --END-- [ RunTime:0.002033s ]

[ 2017-02-08T13:25:01+08:00 ] 127.0.0.1 /index.php/Home/Area/getProvinces.html
INFO: [ app_begin ] --START--
INFO: Run Behavior\ReadHtmlCacheBehavior [ RunTime:0.003498s ]
INFO: [ app_begin ] --END-- [ RunTime:0.004926s ]
SQL: SHOW COLUMNS FROM `tp_area` [ RunTime:0.0249s ]
SQL: SELECT `id`,`name` FROM `tp_area` WHERE `type` = 1  [ RunTime:0.0083s ]
INFO: [ app_end ] --START--
INFO: Run Behavior\ShowPageTraceBehavior [ RunTime:0.002160s ]
INFO: [ app_end ] --END-- [ RunTime:0.002362s ]

[ 2017-02-08T13:25:26+08:00 ] 127.0.0.1 /index.php/Home/Area/getProvinces.html
INFO: [ app_begin ] --START--
INFO: Run Behavior\ReadHtmlCacheBehavior [ RunTime:0.002204s ]
INFO: [ app_begin ] --END-- [ RunTime:0.003967s ]
SQL: SHOW COLUMNS FROM `tp_area` [ RunTime:0.0290s ]
SQL: SELECT `id`,`name` FROM `tp_area` WHERE `type` = 1  [ RunTime:0.0133s ]
INFO: [ app_end ] --START--
INFO: Run Behavior\ShowPageTraceBehavior [ RunTime:0.002418s ]
INFO: [ app_end ] --END-- [ RunTime:0.002680s ]

[ 2017-02-08T13:25:36+08:00 ] 127.0.0.1 /index.php/Home/Area/getCitys/pid/3
INFO: [ app_begin ] --START--
INFO: Run Behavior\ReadHtmlCacheBehavior [ RunTime:0.003241s ]
INFO: [ app_begin ] --END-- [ RunTime:0.007088s ]
SQL: SHOW COLUMNS FROM `tp_area` [ RunTime:0.0251s ]
SQL: SELECT `id`,`name` FROM `tp_area` WHERE `parent_id` = 3  [ RunTime:0.0070s ]
INFO: [ app_end ] --START--
INFO: Run Behavior\ShowPageTraceBehavior [ RunTime:0.001522s ]
INFO: [ app_end ] --END-- [ RunTime:0.001678s ]

[ 2017-02-08T13:26:02+08:00 ] 127.0.0.1 /index.php/Home/Area/getProvinces.html
INFO: [ app_begin ] --START--
INFO: Run Behavior\ReadHtmlCacheBehavior [ RunTime:0.002384s ]
INFO: [ app_begin ] --END-- [ RunTime:0.003863s ]
SQL: SHOW COLUMNS FROM `tp_area` [ RunTime:0.0421s ]
SQL: SELECT `id`,`name` FROM `tp_area` WHERE `type` = 1  [ RunTime:0.0090s ]
INFO: [ app_end ] --START--
INFO: Run Behavior\ShowPageTraceBehavior [ RunTime:0.002124s ]
INFO: [ app_end ] --END-- [ RunTime:0.002310s ]

[ 2017-02-08T13:26:33+08:00 ] 127.0.0.1 /index.php/Home/Area/getProvinces.html
INFO: [ app_begin ] --START--
INFO: Run Behavior\ReadHtmlCacheBehavior [ RunTime:0.003807s ]
INFO: [ app_begin ] --END-- [ RunTime:0.006169s ]
SQL: SHOW COLUMNS FROM `tp_area` [ RunTime:0.0311s ]
SQL: SELECT `id`,`name` FROM `tp_area` WHERE `type` = 1  [ RunTime:0.0165s ]
INFO: [ app_end ] --START--
INFO: Run Behavior\ShowPageTraceBehavior [ RunTime:0.002766s ]
INFO: [ app_end ] --END-- [ RunTime:0.003041s ]

[ 2017-02-08T13:26:55+08:00 ] 127.0.0.1 /index.php/Home/Area/getProvinces.html
INFO: [ app_begin ] --START--
INFO: Run Behavior\ReadHtmlCacheBehavior [ RunTime:0.004851s ]
INFO: [ app_begin ] --END-- [ RunTime:0.006917s ]
SQL: SHOW COLUMNS FROM `tp_area` [ RunTime:0.0301s ]
SQL: SELECT `id`,`name` FROM `tp_area` WHERE `type` = 1  [ RunTime:0.0097s ]
INFO: [ app_end ] --START--
INFO: Run Behavior\ShowPageTraceBehavior [ RunTime:0.002003s ]
INFO: [ app_end ] --END-- [ RunTime:0.002212s ]

[ 2017-02-08T13:27:00+08:00 ] 127.0.0.1 /index.php/Home/Area/getProvinces.html
INFO: [ app_begin ] --START--
INFO: Run Behavior\ReadHtmlCacheBehavior [ RunTime:0.001749s ]
INFO: [ app_begin ] --END-- [ RunTime:0.003230s ]
SQL: SHOW COLUMNS FROM `tp_area` [ RunTime:0.0296s ]
SQL: SELECT `id`,`name` FROM `tp_area` WHERE `type` = 1  [ RunTime:0.0105s ]
INFO: [ app_end ] --START--
INFO: Run Behavior\ShowPageTraceBehavior [ RunTime:0.002126s ]
INFO: [ app_end ] --END-- [ RunTime:0.002445s ]

[ 2017-02-08T13:27:12+08:00 ] 127.0.0.1 /index.php/Home/Area/getProvinces.html
INFO: [ app_begin ] --START--
INFO: Run Behavior\ReadHtmlCacheBehavior [ RunTime:0.001705s ]
INFO: [ app_begin ] --END-- [ RunTime:0.003044s ]
SQL: SHOW COLUMNS FROM `tp_area` [ RunTime:0.0392s ]
SQL: SELECT `id`,`name` FROM `tp_area` WHERE `type` = 1  [ RunTime:0.0091s ]
INFO: [ app_end ] --START--
INFO: Run Behavior\ShowPageTraceBehavior [ RunTime:0.002010s ]
INFO: [ app_end ] --END-- [ RunTime:0.002319s ]

[ 2017-02-08T13:27:17+08:00 ] 127.0.0.1 /index.php/Home/Area/getCitys/pid/14
INFO: [ app_begin ] --START--
INFO: Run Behavior\ReadHtmlCacheBehavior [ RunTime:0.003984s ]
INFO: [ app_begin ] --END-- [ RunTime:0.006066s ]
SQL: SHOW COLUMNS FROM `tp_area` [ RunTime:0.0289s ]
SQL: SELECT `id`,`name` FROM `tp_area` WHERE `parent_id` = 14  [ RunTime:0.0100s ]
INFO: [ app_end ] --START--
INFO: Run Behavior\ShowPageTraceBehavior [ RunTime:0.002899s ]
INFO: [ app_end ] --END-- [ RunTime:0.003237s ]

[ 2017-02-08T13:27:19+08:00 ] 127.0.0.1 /index.php/Home/Area/getCountys/xpid/203
INFO: [ app_begin ] --START--
INFO: Run Behavior\ReadHtmlCacheBehavior [ RunTime:0.001718s ]
INFO: [ app_begin ] --END-- [ RunTime:0.002935s ]
SQL: SHOW COLUMNS FROM `tp_area` [ RunTime:0.0270s ]
SQL: SELECT `id`,`name` FROM `tp_area` WHERE `parent_id` = 203  [ RunTime:0.0131s ]
INFO: [ app_end ] --START--
INFO: Run Behavior\ShowPageTraceBehavior [ RunTime:0.001663s ]
INFO: [ app_end ] --END-- [ RunTime:0.001841s ]

[ 2017-02-08T13:27:40+08:00 ] 127.0.0.1 /index.php/Home/Area/getProvinces.html
INFO: [ app_begin ] --START--
INFO: Run Behavior\ReadHtmlCacheBehavior [ RunTime:0.002637s ]
INFO: [ app_begin ] --END-- [ RunTime:0.004144s ]
SQL: SHOW COLUMNS FROM `tp_area` [ RunTime:0.0401s ]
SQL: SELECT `id`,`name` FROM `tp_area` WHERE `type` = 1  [ RunTime:0.0093s ]
INFO: [ app_end ] --START--
INFO: Run Behavior\ShowPageTraceBehavior [ RunTime:0.002529s ]
INFO: [ app_end ] --END-- [ RunTime:0.002747s ]

[ 2017-02-08T13:27:53+08:00 ] 127.0.0.1 /index.php/Home/Area/getCitys/pid/21
INFO: [ app_begin ] --START--
INFO: Run Behavior\ReadHtmlCacheBehavior [ RunTime:0.003012s ]
INFO: [ app_begin ] --END-- [ RunTime:0.010678s ]
SQL: SHOW COLUMNS FROM `tp_area` [ RunTime:0.0338s ]
SQL: SELECT `id`,`name` FROM `tp_area` WHERE `parent_id` = 21  [ RunTime:0.0103s ]
INFO: [ app_end ] --START--
INFO: Run Behavior\ShowPageTraceBehavior [ RunTime:0.002220s ]
INFO: [ app_end ] --END-- [ RunTime:0.002472s ]

[ 2017-02-08T13:27:54+08:00 ] 127.0.0.1 /index.php/Home/Area/getCountys/xpid/278
INFO: [ app_begin ] --START--
INFO: Run Behavior\ReadHtmlCacheBehavior [ RunTime:0.002038s ]
INFO: [ app_begin ] --END-- [ RunTime:0.003712s ]
SQL: SHOW COLUMNS FROM `tp_area` [ RunTime:0.0272s ]
SQL: SELECT `id`,`name` FROM `tp_area` WHERE `parent_id` = 278  [ RunTime:0.0115s ]
INFO: [ app_end ] --START--
INFO: Run Behavior\ShowPageTraceBehavior [ RunTime:0.002190s ]
INFO: [ app_end ] --END-- [ RunTime:0.002450s ]

[ 2017-02-08T13:28:17+08:00 ] 127.0.0.1 /index.php/Home/Area/getCitys/pid/7
INFO: [ app_begin ] --START--
INFO: Run Behavior\ReadHtmlCacheBehavior [ RunTime:0.001692s ]
INFO: [ app_begin ] --END-- [ RunTime:0.002903s ]
SQL: SHOW COLUMNS FROM `tp_area` [ RunTime:0.0203s ]
SQL: SELECT `id`,`name` FROM `tp_area` WHERE `parent_id` = 7  [ RunTime:0.0074s ]
INFO: [ app_end ] --START--
INFO: Run Behavior\ShowPageTraceBehavior [ RunTime:0.001892s ]
INFO: [ app_end ] --END-- [ RunTime:0.002118s ]

[ 2017-02-08T13:28:31+08:00 ] 127.0.0.1 /index.php/Home/Area/getCitys/pid/22
INFO: [ app_begin ] --START--
INFO: Run Behavior\ReadHtmlCacheBehavior [ RunTime:0.001552s ]
INFO: [ app_begin ] --END-- [ RunTime:0.003363s ]
SQL: SHOW COLUMNS FROM `tp_area` [ RunTime:0.0269s ]
SQL: SELECT `id`,`name` FROM `tp_area` WHERE `parent_id` = 22  [ RunTime:0.0069s ]
INFO: [ app_end ] --START--
INFO: Run Behavior\ShowPageTraceBehavior [ RunTime:0.001927s ]
INFO: [ app_end ] --END-- [ RunTime:0.002138s ]

[ 2017-02-08T13:29:08+08:00 ] 127.0.0.1 /index.php/Home/Area/getProvinces.html
INFO: [ app_begin ] --START--
INFO: Run Behavior\ReadHtmlCacheBehavior [ RunTime:0.004204s ]
INFO: [ app_begin ] --END-- [ RunTime:0.005564s ]
SQL: SHOW COLUMNS FROM `tp_area` [ RunTime:0.0321s ]
SQL: SELECT `id`,`name` FROM `tp_area` WHERE `type` = 1  [ RunTime:0.0101s ]
INFO: [ app_end ] --START--
INFO: Run Behavior\ShowPageTraceBehavior [ RunTime:0.002048s ]
INFO: [ app_end ] --END-- [ RunTime:0.002380s ]

[ 2017-02-08T13:29:28+08:00 ] 127.0.0.1 /index.php/Home/Area/getProvinces.html
INFO: [ app_begin ] --START--
INFO: Run Behavior\ReadHtmlCacheBehavior [ RunTime:0.001545s ]
INFO: [ app_begin ] --END-- [ RunTime:0.003025s ]
SQL: SHOW COLUMNS FROM `tp_area` [ RunTime:0.0367s ]
SQL: SELECT `id`,`name` FROM `tp_area` WHERE `type` = 1  [ RunTime:0.0097s ]
INFO: [ app_end ] --START--
INFO: Run Behavior\ShowPageTraceBehavior [ RunTime:0.001844s ]
INFO: [ app_end ] --END-- [ RunTime:0.002044s ]

[ 2017-02-08T13:30:15+08:00 ] 127.0.0.1 /index.php/Home/Area/getProvinces.html
INFO: [ app_begin ] --START--
INFO: Run Behavior\ReadHtmlCacheBehavior [ RunTime:0.002496s ]
INFO: [ app_begin ] --END-- [ RunTime:0.004739s ]
SQL: SHOW COLUMNS FROM `tp_area` [ RunTime:0.0289s ]
SQL: SELECT `id`,`name` FROM `tp_area` WHERE `type` = 1  [ RunTime:0.0087s ]
INFO: [ app_end ] --START--
INFO: Run Behavior\ShowPageTraceBehavior [ RunTime:0.001813s ]
INFO: [ app_end ] --END-- [ RunTime:0.002058s ]

[ 2017-02-08T13:31:36+08:00 ] 127.0.0.1 /index.php/Home/Area/getProvinces.html
INFO: [ app_begin ] --START--
INFO: Run Behavior\ReadHtmlCacheBehavior [ RunTime:0.003190s ]
INFO: [ app_begin ] --END-- [ RunTime:0.006871s ]
SQL: SHOW COLUMNS FROM `tp_area` [ RunTime:0.0247s ]
SQL: SELECT `id`,`name` FROM `tp_area` WHERE `type` = 1  [ RunTime:0.0091s ]
INFO: [ app_end ] --START--
INFO: Run Behavior\ShowPageTraceBehavior [ RunTime:0.002674s ]
INFO: [ app_end ] --END-- [ RunTime:0.002894s ]

[ 2017-02-08T13:31:46+08:00 ] 127.0.0.1 /index.php/Home/Area/getCitys/pid/7
INFO: [ app_begin ] --START--
INFO: Run Behavior\ReadHtmlCacheBehavior [ RunTime:0.004014s ]
INFO: [ app_begin ] --END-- [ RunTime:0.006229s ]
SQL: SHOW COLUMNS FROM `tp_area` [ RunTime:0.0475s ]
SQL: SELECT `id`,`name` FROM `tp_area` WHERE `parent_id` = 7  [ RunTime:0.0090s ]
INFO: [ app_end ] --START--
INFO: Run Behavior\ShowPageTraceBehavior [ RunTime:0.001922s ]
INFO: [ app_end ] --END-- [ RunTime:0.002142s ]

[ 2017-02-08T13:31:52+08:00 ] 127.0.0.1 /index.php/Home/Area/getCountys/xpid/99
INFO: [ app_begin ] --START--
INFO: Run Behavior\ReadHtmlCacheBehavior [ RunTime:0.004933s ]
INFO: [ app_begin ] --END-- [ RunTime:0.008670s ]
SQL: SHOW COLUMNS FROM `tp_area` [ RunTime:0.0288s ]
SQL: SELECT `id`,`name` FROM `tp_area` WHERE `parent_id` = 99  [ RunTime:0.0099s ]
INFO: [ app_end ] --START--
INFO: Run Behavior\ShowPageTraceBehavior [ RunTime:0.002114s ]
INFO: [ app_end ] --END-- [ RunTime:0.002376s ]

[ 2017-02-08T13:32:47+08:00 ] 127.0.0.1 /index.php/Home/Area/getProvinces.html
INFO: [ app_begin ] --START--
INFO: Run Behavior\ReadHtmlCacheBehavior [ RunTime:0.002985s ]
INFO: [ app_begin ] --END-- [ RunTime:0.004638s ]
SQL: SHOW COLUMNS FROM `tp_area` [ RunTime:0.0237s ]
SQL: SELECT `id`,`name` FROM `tp_area` WHERE `type` = 1  [ RunTime:0.0101s ]
INFO: [ app_end ] --START--
INFO: Run Behavior\ShowPageTraceBehavior [ RunTime:0.002391s ]
INFO: [ app_end ] --END-- [ RunTime:0.002596s ]

[ 2017-02-08T13:33:08+08:00 ] 127.0.0.1 /index.php/Home/Area/getProvinces.html
INFO: [ app_begin ] --START--
INFO: Run Behavior\ReadHtmlCacheBehavior [ RunTime:0.001860s ]
INFO: [ app_begin ] --END-- [ RunTime:0.002999s ]
SQL: SHOW COLUMNS FROM `tp_area` [ RunTime:0.0265s ]
SQL: SELECT `id`,`name` FROM `tp_area` WHERE `type` = 1  [ RunTime:0.0105s ]
INFO: [ app_end ] --START--
INFO: Run Behavior\ShowPageTraceBehavior [ RunTime:0.003195s ]
INFO: [ app_end ] --END-- [ RunTime:0.003403s ]

[ 2017-02-08T13:33:36+08:00 ] 127.0.0.1 /index.php/Home/Area/getProvinces.html
INFO: [ app_begin ] --START--
INFO: Run Behavior\ReadHtmlCacheBehavior [ RunTime:0.002143s ]
INFO: [ app_begin ] --END-- [ RunTime:0.003485s ]
SQL: SHOW COLUMNS FROM `tp_area` [ RunTime:0.0212s ]
SQL: SELECT `id`,`name` FROM `tp_area` WHERE `type` = 1  [ RunTime:0.0076s ]
INFO: [ app_end ] --START--
INFO: Run Behavior\ShowPageTraceBehavior [ RunTime:0.001326s ]
INFO: [ app_end ] --END-- [ RunTime:0.001527s ]

[ 2017-02-08T13:34:18+08:00 ] 127.0.0.1 /index.php/Home/Area/getProvinces.html
INFO: [ app_begin ] --START--
INFO: Run Behavior\ReadHtmlCacheBehavior [ RunTime:0.001480s ]
INFO: [ app_begin ] --END-- [ RunTime:0.002541s ]
SQL: SHOW COLUMNS FROM `tp_area` [ RunTime:0.0199s ]
SQL: SELECT `id`,`name` FROM `tp_area` WHERE `type` = 1  [ RunTime:0.0067s ]
INFO: [ app_end ] --START--
INFO: Run Behavior\ShowPageTraceBehavior [ RunTime:0.001133s ]
INFO: [ app_end ] --END-- [ RunTime:0.001281s ]

[ 2017-02-08T13:34:21+08:00 ] 127.0.0.1 /index.php/Home/Area/getProvinces.html
INFO: [ app_begin ] --START--
INFO: Run Behavior\ReadHtmlCacheBehavior [ RunTime:0.002450s ]
INFO: [ app_begin ] --END-- [ RunTime:0.003832s ]
SQL: SHOW COLUMNS FROM `tp_area` [ RunTime:0.0159s ]
SQL: SELECT `id`,`name` FROM `tp_area` WHERE `type` = 1  [ RunTime:0.0069s ]
INFO: [ app_end ] --START--
INFO: Run Behavior\ShowPageTraceBehavior [ RunTime:0.003737s ]
INFO: [ app_end ] --END-- [ RunTime:0.003905s ]

[ 2017-02-08T13:34:24+08:00 ] 127.0.0.1 /index.php/Home/Area/getProvinces.html
INFO: [ app_begin ] --START--
INFO: Run Behavior\ReadHtmlCacheBehavior [ RunTime:0.002420s ]
INFO: [ app_begin ] --END-- [ RunTime:0.003827s ]
SQL: SHOW COLUMNS FROM `tp_area` [ RunTime:0.0367s ]
SQL: SELECT `id`,`name` FROM `tp_area` WHERE `type` = 1  [ RunTime:0.0090s ]
INFO: [ app_end ] --START--
INFO: Run Behavior\ShowPageTraceBehavior [ RunTime:0.001652s ]
INFO: [ app_end ] --END-- [ RunTime:0.002142s ]

[ 2017-02-08T13:35:07+08:00 ] 127.0.0.1 /index.php/Home/Area/getProvinces.html
INFO: [ app_begin ] --START--
INFO: Run Behavior\ReadHtmlCacheBehavior [ RunTime:0.003481s ]
INFO: [ app_begin ] --END-- [ RunTime:0.005401s ]
SQL: SHOW COLUMNS FROM `tp_area` [ RunTime:0.0296s ]
SQL: SELECT `id`,`name` FROM `tp_area` WHERE `type` = 1  [ RunTime:0.0123s ]
INFO: [ app_end ] --START--
INFO: Run Behavior\ShowPageTraceBehavior [ RunTime:0.002320s ]
INFO: [ app_end ] --END-- [ RunTime:0.002557s ]

[ 2017-02-08T13:35:12+08:00 ] 127.0.0.1 /index.php/Home/Area/getProvinces.html
INFO: [ app_begin ] --START--
INFO: Run Behavior\ReadHtmlCacheBehavior [ RunTime:0.007517s ]
INFO: [ app_begin ] --END-- [ RunTime:0.009979s ]
SQL: SHOW COLUMNS FROM `tp_area` [ RunTime:0.0472s ]
SQL: SELECT `id`,`name` FROM `tp_area` WHERE `type` = 1  [ RunTime:0.0127s ]
INFO: [ app_end ] --START--
INFO: Run Behavior\ShowPageTraceBehavior [ RunTime:0.002403s ]
INFO: [ app_end ] --END-- [ RunTime:0.002664s ]

[ 2017-02-08T13:35:21+08:00 ] 127.0.0.1 /index.php/Home/Area/getProvinces.html
INFO: [ app_begin ] --START--
INFO: Run Behavior\ReadHtmlCacheBehavior [ RunTime:0.004367s ]
INFO: [ app_begin ] --END-- [ RunTime:0.006185s ]
SQL: SHOW COLUMNS FROM `tp_area` [ RunTime:0.0542s ]
SQL: SELECT `id`,`name` FROM `tp_area` WHERE `type` = 1  [ RunTime:0.0102s ]
INFO: [ app_end ] --START--
INFO: Run Behavior\ShowPageTraceBehavior [ RunTime:0.002522s ]
INFO: [ app_end ] --END-- [ RunTime:0.002762s ]

[ 2017-02-08T13:35:26+08:00 ] 127.0.0.1 /index.php/Home/Area/getProvinces.html
INFO: [ app_begin ] --START--
INFO: Run Behavior\ReadHtmlCacheBehavior [ RunTime:0.003086s ]
INFO: [ app_begin ] --END-- [ RunTime:0.005658s ]
SQL: SHOW COLUMNS FROM `tp_area` [ RunTime:0.0291s ]
SQL: SELECT `id`,`name` FROM `tp_area` WHERE `type` = 1  [ RunTime:0.0118s ]
INFO: [ app_end ] --START--
INFO: Run Behavior\ShowPageTraceBehavior [ RunTime:0.001816s ]
INFO: [ app_end ] --END-- [ RunTime:0.002019s ]

[ 2017-02-08T13:35:36+08:00 ] 127.0.0.1 /index.php/Home/Area/getProvinces.html
INFO: [ app_begin ] --START--
INFO: Run Behavior\ReadHtmlCacheBehavior [ RunTime:0.002365s ]
INFO: [ app_begin ] --END-- [ RunTime:0.004291s ]
SQL: SHOW COLUMNS FROM `tp_area` [ RunTime:0.0216s ]
SQL: SELECT `id`,`name` FROM `tp_area` WHERE `type` = 1  [ RunTime:0.0084s ]
INFO: [ app_end ] --START--
INFO: Run Behavior\ShowPageTraceBehavior [ RunTime:0.003161s ]
INFO: [ app_end ] --END-- [ RunTime:0.003531s ]

[ 2017-02-08T13:36:29+08:00 ] 127.0.0.1 /index.php/Home/Area/getProvinces.html
INFO: [ app_begin ] --START--
INFO: Run Behavior\ReadHtmlCacheBehavior [ RunTime:0.002698s ]
INFO: [ app_begin ] --END-- [ RunTime:0.004684s ]
SQL: SHOW COLUMNS FROM `tp_area` [ RunTime:0.0220s ]
SQL: SELECT `id`,`name` FROM `tp_area` WHERE `type` = 1  [ RunTime:0.0078s ]
INFO: [ app_end ] --START--
INFO: Run Behavior\ShowPageTraceBehavior [ RunTime:0.002885s ]
INFO: [ app_end ] --END-- [ RunTime:0.003059s ]

[ 2017-02-08T13:37:01+08:00 ] 127.0.0.1 /index.php/Home/Area/getCitys/pid/5
INFO: [ app_begin ] --START--
INFO: Run Behavior\ReadHtmlCacheBehavior [ RunTime:0.001780s ]
INFO: [ app_begin ] --END-- [ RunTime:0.003360s ]
SQL: SHOW COLUMNS FROM `tp_area` [ RunTime:0.0375s ]
SQL: SELECT `id`,`name` FROM `tp_area` WHERE `parent_id` = 5  [ RunTime:0.0119s ]
INFO: [ app_end ] --START--
INFO: Run Behavior\ShowPageTraceBehavior [ RunTime:0.001965s ]
INFO: [ app_end ] --END-- [ RunTime:0.002393s ]

[ 2017-02-08T13:37:04+08:00 ] 127.0.0.1 /index.php/Home/Area/getCitys/pid/22
INFO: [ app_begin ] --START--
INFO: Run Behavior\ReadHtmlCacheBehavior [ RunTime:0.001872s ]
INFO: [ app_begin ] --END-- [ RunTime:0.003123s ]
SQL: SHOW COLUMNS FROM `tp_area` [ RunTime:0.0380s ]
SQL: SELECT `id`,`name` FROM `tp_area` WHERE `parent_id` = 22  [ RunTime:0.0127s ]
INFO: [ app_end ] --START--
INFO: Run Behavior\ShowPageTraceBehavior [ RunTime:0.002087s ]
INFO: [ app_end ] --END-- [ RunTime:0.002317s ]

[ 2017-02-08T13:37:07+08:00 ] 127.0.0.1 /index.php/Home/Area/getCountys/xpid/292
INFO: [ app_begin ] --START--
INFO: Run Behavior\ReadHtmlCacheBehavior [ RunTime:0.003317s ]
INFO: [ app_begin ] --END-- [ RunTime:0.004851s ]
SQL: SHOW COLUMNS FROM `tp_area` [ RunTime:0.0228s ]
SQL: SELECT `id`,`name` FROM `tp_area` WHERE `parent_id` = 292  [ RunTime:0.0073s ]
INFO: [ app_end ] --START--
INFO: Run Behavior\ShowPageTraceBehavior [ RunTime:0.002344s ]
INFO: [ app_end ] --END-- [ RunTime:0.002525s ]

[ 2017-02-08T13:38:03+08:00 ] 127.0.0.1 /index.php/Home/Area/getProvinces.html
INFO: [ app_begin ] --START--
INFO: Run Behavior\ReadHtmlCacheBehavior [ RunTime:0.002432s ]
INFO: [ app_begin ] --END-- [ RunTime:0.004275s ]
SQL: SHOW COLUMNS FROM `tp_area` [ RunTime:0.0323s ]
SQL: SELECT `id`,`name` FROM `tp_area` WHERE `type` = 1  [ RunTime:0.0101s ]
INFO: [ app_end ] --START--
INFO: Run Behavior\ShowPageTraceBehavior [ RunTime:0.001953s ]
INFO: [ app_end ] --END-- [ RunTime:0.002149s ]

[ 2017-02-08T13:38:53+08:00 ] 127.0.0.1 /index.php/Home/Area/getCitys/pid/22
INFO: [ app_begin ] --START--
INFO: Run Behavior\ReadHtmlCacheBehavior [ RunTime:0.004320s ]
INFO: [ app_begin ] --END-- [ RunTime:0.008150s ]
SQL: SHOW COLUMNS FROM `tp_area` [ RunTime:0.0270s ]
SQL: SELECT `id`,`name` FROM `tp_area` WHERE `parent_id` = 22  [ RunTime:0.0108s ]
INFO: [ app_end ] --START--
INFO: Run Behavior\ShowPageTraceBehavior [ RunTime:0.001983s ]
INFO: [ app_end ] --END-- [ RunTime:0.002202s ]

[ 2017-02-08T13:38:58+08:00 ] 127.0.0.1 /index.php/Home/Area/getCountys/xpid/293
INFO: [ app_begin ] --START--
INFO: Run Behavior\ReadHtmlCacheBehavior [ RunTime:0.001938s ]
INFO: [ app_begin ] --END-- [ RunTime:0.003642s ]
SQL: SHOW COLUMNS FROM `tp_area` [ RunTime:0.0252s ]
SQL: SELECT `id`,`name` FROM `tp_area` WHERE `parent_id` = 293  [ RunTime:0.0068s ]
INFO: [ app_end ] --START--
INFO: Run Behavior\ShowPageTraceBehavior [ RunTime:0.001522s ]
INFO: [ app_end ] --END-- [ RunTime:0.001687s ]

[ 2017-02-08T13:40:23+08:00 ] 127.0.0.1 /index.php/Home/Area/getProvinces.html
INFO: [ app_begin ] --START--
INFO: Run Behavior\ReadHtmlCacheBehavior [ RunTime:0.004886s ]
INFO: [ app_begin ] --END-- [ RunTime:0.012165s ]
SQL: SHOW COLUMNS FROM `tp_area` [ RunTime:0.0269s ]
SQL: SELECT `id`,`name` FROM `tp_area` WHERE `type` = 1  [ RunTime:0.0104s ]
INFO: [ app_end ] --START--
INFO: Run Behavior\ShowPageTraceBehavior [ RunTime:0.001518s ]
INFO: [ app_end ] --END-- [ RunTime:0.001689s ]

[ 2017-02-08T13:40:31+08:00 ] 127.0.0.1 /index.php/Home/Area/getCitys/pid/22
INFO: [ app_begin ] --START--
INFO: Run Behavior\ReadHtmlCacheBehavior [ RunTime:0.003388s ]
INFO: [ app_begin ] --END-- [ RunTime:0.007670s ]
SQL: SHOW COLUMNS FROM `tp_area` [ RunTime:0.0268s ]
SQL: SELECT `id`,`name` FROM `tp_area` WHERE `parent_id` = 22  [ RunTime:0.0094s ]
INFO: [ app_end ] --START--
INFO: Run Behavior\ShowPageTraceBehavior [ RunTime:0.002911s ]
INFO: [ app_end ] --END-- [ RunTime:0.003118s ]

[ 2017-02-08T13:40:35+08:00 ] 127.0.0.1 /index.php/Home/Area/getCountys/xpid/293
INFO: [ app_begin ] --START--
INFO: Run Behavior\ReadHtmlCacheBehavior [ RunTime:0.003082s ]
INFO: [ app_begin ] --END-- [ RunTime:0.005305s ]
SQL: SHOW COLUMNS FROM `tp_area` [ RunTime:0.0247s ]
SQL: SELECT `id`,`name` FROM `tp_area` WHERE `parent_id` = 293  [ RunTime:0.0087s ]
INFO: [ app_end ] --START--
INFO: Run Behavior\ShowPageTraceBehavior [ RunTime:0.003432s ]
INFO: [ app_end ] --END-- [ RunTime:0.003672s ]

[ 2017-02-08T13:41:14+08:00 ] 127.0.0.1 /index.php/Home/Area/getProvinces.html
INFO: [ app_begin ] --START--
INFO: Run Behavior\ReadHtmlCacheBehavior [ RunTime:0.011570s ]
INFO: [ app_begin ] --END-- [ RunTime:0.013078s ]
SQL: SHOW COLUMNS FROM `tp_area` [ RunTime:0.0206s ]
SQL: SELECT `id`,`name` FROM `tp_area` WHERE `type` = 1  [ RunTime:0.0086s ]
INFO: [ app_end ] --START--
INFO: Run Behavior\ShowPageTraceBehavior [ RunTime:0.002019s ]
INFO: [ app_end ] --END-- [ RunTime:0.002205s ]

[ 2017-02-08T13:41:26+08:00 ] 127.0.0.1 /index.php/Home/Area/getCitys/pid/22
INFO: [ app_begin ] --START--
INFO: Run Behavior\ReadHtmlCacheBehavior [ RunTime:0.001696s ]
INFO: [ app_begin ] --END-- [ RunTime:0.003096s ]
SQL: SHOW COLUMNS FROM `tp_area` [ RunTime:0.0290s ]
SQL: SELECT `id`,`name` FROM `tp_area` WHERE `parent_id` = 22  [ RunTime:0.0092s ]
INFO: [ app_end ] --START--
INFO: Run Behavior\ShowPageTraceBehavior [ RunTime:0.002673s ]
INFO: [ app_end ] --END-- [ RunTime:0.002997s ]

[ 2017-02-08T13:41:27+08:00 ] 127.0.0.1 /index.php/Home/Area/getCountys/xpid/293
INFO: [ app_begin ] --START--
INFO: Run Behavior\ReadHtmlCacheBehavior [ RunTime:0.001302s ]
INFO: [ app_begin ] --END-- [ RunTime:0.002285s ]
SQL: SHOW COLUMNS FROM `tp_area` [ RunTime:0.0211s ]
SQL: SELECT `id`,`name` FROM `tp_area` WHERE `parent_id` = 293  [ RunTime:0.0066s ]
INFO: [ app_end ] --START--
INFO: Run Behavior\ShowPageTraceBehavior [ RunTime:0.002099s ]
INFO: [ app_end ] --END-- [ RunTime:0.002304s ]

[ 2017-02-08T13:41:42+08:00 ] 127.0.0.1 /index.php/Home/Area/getProvinces.html
INFO: [ app_begin ] --START--
INFO: Run Behavior\ReadHtmlCacheBehavior [ RunTime:0.004367s ]
INFO: [ app_begin ] --END-- [ RunTime:0.006501s ]
SQL: SHOW COLUMNS FROM `tp_area` [ RunTime:0.0328s ]
SQL: SELECT `id`,`name` FROM `tp_area` WHERE `type` = 1  [ RunTime:0.0142s ]
INFO: [ app_end ] --START--
INFO: Run Behavior\ShowPageTraceBehavior [ RunTime:0.001983s ]
INFO: [ app_end ] --END-- [ RunTime:0.002216s ]

[ 2017-02-08T13:41:43+08:00 ] 127.0.0.1 /index.php/Home/Area/getCitys/pid/8
INFO: [ app_begin ] --START--
INFO: Run Behavior\ReadHtmlCacheBehavior [ RunTime:0.001597s ]
INFO: [ app_begin ] --END-- [ RunTime:0.002853s ]
SQL: SHOW COLUMNS FROM `tp_area` [ RunTime:0.0317s ]
SQL: SELECT `id`,`name` FROM `tp_area` WHERE `parent_id` = 8  [ RunTime:0.0076s ]
INFO: [ app_end ] --START--
INFO: Run Behavior\ShowPageTraceBehavior [ RunTime:0.001710s ]
INFO: [ app_end ] --END-- [ RunTime:0.001992s ]

[ 2017-02-08T13:41:45+08:00 ] 127.0.0.1 /index.php/Home/Area/getCountys/xpid/114
INFO: [ app_begin ] --START--
INFO: Run Behavior\ReadHtmlCacheBehavior [ RunTime:0.009531s ]
INFO: [ app_begin ] --END-- [ RunTime:0.010956s ]
SQL: SHOW COLUMNS FROM `tp_area` [ RunTime:0.0252s ]
SQL: SELECT `id`,`name` FROM `tp_area` WHERE `parent_id` = 114  [ RunTime:0.0129s ]
INFO: [ app_end ] --START--
INFO: Run Behavior\ShowPageTraceBehavior [ RunTime:0.004043s ]
INFO: [ app_end ] --END-- [ RunTime:0.004391s ]

[ 2017-02-08T14:38:17+08:00 ] 127.0.0.1 /index.php/Home/Manager/aliduanxin?telphone=15610688005
INFO: [ app_begin ] --START--
INFO: Run Behavior\ReadHtmlCacheBehavior [ RunTime:0.002303s ]
INFO: [ app_begin ] --END-- [ RunTime:0.006472s ]
NOTIC: [8] Undefined property: stdClass::$err_code E:\wechat\Home\Controller\ManagerController.class.php 第 170 行.
INFO: [ app_end ] --START--
INFO: Run Behavior\ShowPageTraceBehavior [ RunTime:0.001994s ]
INFO: [ app_end ] --END-- [ RunTime:0.002184s ]

[ 2017-02-08T14:44:42+08:00 ] 127.0.0.1 /index.php/Home/Tinfo/addinfo
ERR: 非法操作:addinfo

[ 2017-02-08T15:08:55+08:00 ] 127.0.0.1 /index.php/Home/Manager/aliduanxin?telphone=18612787764
INFO: [ app_begin ] --START--
INFO: Run Behavior\ReadHtmlCacheBehavior [ RunTime:0.001513s ]
INFO: [ app_begin ] --END-- [ RunTime:0.002679s ]
NOTIC: [8] Undefined property: stdClass::$err_code E:\wechat\Home\Controller\ManagerController.class.php 第 170 行.
INFO: [ app_end ] --START--
INFO: Run Behavior\ShowPageTraceBehavior [ RunTime:0.001772s ]
INFO: [ app_end ] --END-- [ RunTime:0.001933s ]

[ 2017-02-08T15:10:08+08:00 ] 127.0.0.1 /index.php/Home/Area/getProvinces.html
INFO: [ app_begin ] --START--
INFO: Run Behavior\ReadHtmlCacheBehavior [ RunTime:0.001712s ]
INFO: [ app_begin ] --END-- [ RunTime:0.003248s ]
SQL: SHOW COLUMNS FROM `tp_area` [ RunTime:0.0285s ]
SQL: SELECT `id`,`name` FROM `tp_area` WHERE `type` = 1  [ RunTime:0.0118s ]
INFO: [ app_end ] --START--
INFO: Run Behavior\ShowPageTraceBehavior [ RunTime:0.001968s ]
INFO: [ app_end ] --END-- [ RunTime:0.002207s ]

[ 2017-02-08T15:11:05+08:00 ] 127.0.0.1 /index.php/Home/Area/getProvinces.html
INFO: [ app_begin ] --START--
INFO: Run Behavior\ReadHtmlCacheBehavior [ RunTime:0.003681s ]
INFO: [ app_begin ] --END-- [ RunTime:0.005440s ]
SQL: SHOW COLUMNS FROM `tp_area` [ RunTime:0.0302s ]
SQL: SELECT `id`,`name` FROM `tp_area` WHERE `type` = 1  [ RunTime:0.0071s ]
INFO: [ app_end ] --START--
INFO: Run Behavior\ShowPageTraceBehavior [ RunTime:0.002319s ]
INFO: [ app_end ] --END-- [ RunTime:0.002500s ]

[ 2017-02-08T15:12:05+08:00 ] 127.0.0.1 /index.php/Home/Area/getProvinces.html
INFO: [ app_begin ] --START--
INFO: Run Behavior\ReadHtmlCacheBehavior [ RunTime:0.002627s ]
INFO: [ app_begin ] --END-- [ RunTime:0.004177s ]
SQL: SHOW COLUMNS FROM `tp_area` [ RunTime:0.0287s ]
SQL: SELECT `id`,`name` FROM `tp_area` WHERE `type` = 1  [ RunTime:0.0082s ]
INFO: [ app_end ] --START--
INFO: Run Behavior\ShowPageTraceBehavior [ RunTime:0.001754s ]
INFO: [ app_end ] --END-- [ RunTime:0.001945s ]

[ 2017-02-08T15:12:40+08:00 ] 127.0.0.1 /index.php/Home/Area/getProvinces.html
INFO: [ app_begin ] --START--
INFO: Run Behavior\ReadHtmlCacheBehavior [ RunTime:0.005557s ]
INFO: [ app_begin ] --END-- [ RunTime:0.008111s ]
SQL: SHOW COLUMNS FROM `tp_area` [ RunTime:0.0377s ]
SQL: SELECT `id`,`name` FROM `tp_area` WHERE `type` = 1  [ RunTime:0.0127s ]
INFO: [ app_end ] --START--
INFO: Run Behavior\ShowPageTraceBehavior [ RunTime:0.002209s ]
INFO: [ app_end ] --END-- [ RunTime:0.002480s ]

[ 2017-02-08T15:15:06+08:00 ] 127.0.0.1 /index.php/Home/Area/getProvinces.html
INFO: [ app_begin ] --START--
INFO: Run Behavior\ReadHtmlCacheBehavior [ RunTime:0.003975s ]
INFO: [ app_begin ] --END-- [ RunTime:0.009778s ]
SQL: SHOW COLUMNS FROM `tp_area` [ RunTime:0.0259s ]
SQL: SELECT `id`,`name` FROM `tp_area` WHERE `type` = 1  [ RunTime:0.0108s ]
INFO: [ app_end ] --START--
INFO: Run Behavior\ShowPageTraceBehavior [ RunTime:0.002404s ]
INFO: [ app_end ] --END-- [ RunTime:0.002642s ]

[ 2017-02-08T16:54:58+08:00 ] 127.0.0.1 /index.php/Home/Social/detail.html
ERR: 1048:Column 'cid' cannot be null
 [ SQL语句 ] : INSERT INTO `tp_chargedetail` (`cid`,`endowment`,`unemployment`,`employment`,`maternity`,`dabing`,`canjiren`,`chargecount`,`servicemoney`,`allcount`,`order_sn`,`cbase`,`ctype`) VALUES (NULL,'1','1','1','1','1','1','1','1','1','700539888097896000','0','')

[ 2017-02-08T16:56:42+08:00 ] 127.0.0.1 /index.php/Home/Social/css/content.css
ERR: 非法操作:css

[ 2017-02-08T16:56:42+08:00 ] 127.0.0.1 /index.php/Home/Social/css/base.css
ERR: 非法操作:css

