[ 2017-02-16T10:06:05+08:00 ] 127.0.0.1 /index.php/Home/Area/getProvinces.html
INFO: [ app_begin ] --START--
INFO: Run Behavior\ReadHtmlCacheBehavior [ RunTime:0.001956s ]
INFO: [ app_begin ] --END-- [ RunTime:0.003395s ]
SQL: SHOW COLUMNS FROM `tp_area` [ RunTime:0.0260s ]
SQL: SELECT `id`,`name` FROM `tp_area` WHERE `type` = 1  [ RunTime:0.0132s ]
INFO: [ app_end ] --START--
INFO: Run Behavior\ShowPageTraceBehavior [ RunTime:0.002190s ]
INFO: [ app_end ] --END-- [ RunTime:0.002446s ]

[ 2017-02-16T10:06:08+08:00 ] 127.0.0.1 /index.php/Home/Area/getCitys/pid/3
INFO: [ app_begin ] --START--
INFO: Run Behavior\ReadHtmlCacheBehavior [ RunTime:0.002544s ]
INFO: [ app_begin ] --END-- [ RunTime:0.004186s ]
SQL: SHOW COLUMNS FROM `tp_area` [ RunTime:0.0238s ]
SQL: SELECT `id`,`name` FROM `tp_area` WHERE `parent_id` = 3  [ RunTime:0.0103s ]
INFO: [ app_end ] --START--
INFO: Run Behavior\ShowPageTraceBehavior [ RunTime:0.002140s ]
INFO: [ app_end ] --END-- [ RunTime:0.002400s ]

[ 2017-02-16T10:06:08+08:00 ] 127.0.0.1 /index.php/Home/Area/getCountys/xpid/37
INFO: [ app_begin ] --START--
INFO: Run Behavior\ReadHtmlCacheBehavior [ RunTime:0.003914s ]
INFO: [ app_begin ] --END-- [ RunTime:0.005409s ]
SQL: SHOW COLUMNS FROM `tp_area` [ RunTime:0.0246s ]
SQL: SELECT `id`,`name` FROM `tp_area` WHERE `parent_id` = 37  [ RunTime:0.0077s ]
INFO: [ app_end ] --START--
INFO: Run Behavior\ShowPageTraceBehavior [ RunTime:0.002533s ]
INFO: [ app_end ] --END-- [ RunTime:0.002818s ]

[ 2017-02-16T10:09:00+08:00 ] 127.0.0.1 /index.php/Home/Area/getProvinces.html
INFO: [ app_begin ] --START--
INFO: Run Behavior\ReadHtmlCacheBehavior [ RunTime:0.001615s ]
INFO: [ app_begin ] --END-- [ RunTime:0.003468s ]
SQL: SHOW COLUMNS FROM `tp_area` [ RunTime:0.0307s ]
SQL: SELECT `id`,`name` FROM `tp_area` WHERE `type` = 1  [ RunTime:0.0104s ]
INFO: [ app_end ] --START--
INFO: Run Behavior\ShowPageTraceBehavior [ RunTime:0.001706s ]
INFO: [ app_end ] --END-- [ RunTime:0.001891s ]

[ 2017-02-16T10:09:02+08:00 ] 127.0.0.1 /index.php/Home/Area/getCitys/pid/3
INFO: [ app_begin ] --START--
INFO: Run Behavior\ReadHtmlCacheBehavior [ RunTime:0.001789s ]
INFO: [ app_begin ] --END-- [ RunTime:0.003286s ]
SQL: SHOW COLUMNS FROM `tp_area` [ RunTime:0.0357s ]
SQL: SELECT `id`,`name` FROM `tp_area` WHERE `parent_id` = 3  [ RunTime:0.0106s ]
INFO: [ app_end ] --START--
INFO: Run Behavior\ShowPageTraceBehavior [ RunTime:0.002475s ]
INFO: [ app_end ] --END-- [ RunTime:0.002728s ]

[ 2017-02-16T10:09:03+08:00 ] 127.0.0.1 /index.php/Home/Area/getCountys/xpid/39
INFO: [ app_begin ] --START--
INFO: Run Behavior\ReadHtmlCacheBehavior [ RunTime:0.004084s ]
INFO: [ app_begin ] --END-- [ RunTime:0.005777s ]
SQL: SHOW COLUMNS FROM `tp_area` [ RunTime:0.0305s ]
SQL: SELECT `id`,`name` FROM `tp_area` WHERE `parent_id` = 39  [ RunTime:0.0106s ]
INFO: [ app_end ] --START--
INFO: Run Behavior\ShowPageTraceBehavior [ RunTime:0.001931s ]
INFO: [ app_end ] --END-- [ RunTime:0.002126s ]

[ 2017-02-16T10:18:37+08:00 ] 127.0.0.1 /index.php/Home/Area/getProvinces.html
INFO: [ app_begin ] --START--
INFO: Run Behavior\ReadHtmlCacheBehavior [ RunTime:0.002547s ]
INFO: [ app_begin ] --END-- [ RunTime:0.004082s ]
SQL: SHOW COLUMNS FROM `tp_area` [ RunTime:0.0208s ]
SQL: SELECT `id`,`name` FROM `tp_area` WHERE `type` = 1  [ RunTime:0.0125s ]
INFO: [ app_end ] --START--
INFO: Run Behavior\ShowPageTraceBehavior [ RunTime:0.002435s ]
INFO: [ app_end ] --END-- [ RunTime:0.002615s ]

[ 2017-02-16T10:18:39+08:00 ] 127.0.0.1 /index.php/Home/Area/getCitys/pid/4
INFO: [ app_begin ] --START--
INFO: Run Behavior\ReadHtmlCacheBehavior [ RunTime:0.003854s ]
INFO: [ app_begin ] --END-- [ RunTime:0.005121s ]
SQL: SHOW COLUMNS FROM `tp_area` [ RunTime:0.0237s ]
SQL: SELECT `id`,`name` FROM `tp_area` WHERE `parent_id` = 4  [ RunTime:0.0065s ]
INFO: [ app_end ] --START--
INFO: Run Behavior\ShowPageTraceBehavior [ RunTime:0.001797s ]
INFO: [ app_end ] --END-- [ RunTime:0.002023s ]

[ 2017-02-16T10:18:40+08:00 ] 127.0.0.1 /index.php/Home/Area/getCountys/xpid/55
INFO: [ app_begin ] --START--
INFO: Run Behavior\ReadHtmlCacheBehavior [ RunTime:0.002210s ]
INFO: [ app_begin ] --END-- [ RunTime:0.004154s ]
SQL: SHOW COLUMNS FROM `tp_area` [ RunTime:0.0194s ]
SQL: SELECT `id`,`name` FROM `tp_area` WHERE `parent_id` = 55  [ RunTime:0.0073s ]
INFO: [ app_end ] --START--
INFO: Run Behavior\ShowPageTraceBehavior [ RunTime:0.001603s ]
INFO: [ app_end ] --END-- [ RunTime:0.001816s ]

[ 2017-02-16T11:00:06+08:00 ] 127.0.0.1 /index.php/Home/Area/getProvinces.html
INFO: [ app_begin ] --START--
INFO: Run Behavior\ReadHtmlCacheBehavior [ RunTime:0.002185s ]
INFO: [ app_begin ] --END-- [ RunTime:0.004117s ]
SQL: SHOW COLUMNS FROM `tp_area` [ RunTime:0.0238s ]
SQL: SELECT `id`,`name` FROM `tp_area` WHERE `type` = 1  [ RunTime:0.0075s ]
INFO: [ app_end ] --START--
INFO: Run Behavior\ShowPageTraceBehavior [ RunTime:0.002068s ]
INFO: [ app_end ] --END-- [ RunTime:0.002319s ]

[ 2017-02-16T11:29:58+08:00 ] 127.0.0.1 /index.php/Home/Area/getProvinces.html
INFO: [ app_begin ] --START--
INFO: Run Behavior\ReadHtmlCacheBehavior [ RunTime:0.003888s ]
INFO: [ app_begin ] --END-- [ RunTime:0.007408s ]
SQL: SHOW COLUMNS FROM `tp_area` [ RunTime:0.0250s ]
SQL: SELECT `id`,`name` FROM `tp_area` WHERE `type` = 1  [ RunTime:0.0155s ]
INFO: [ app_end ] --START--
INFO: Run Behavior\ShowPageTraceBehavior [ RunTime:0.002393s ]
INFO: [ app_end ] --END-- [ RunTime:0.002656s ]

[ 2017-02-16T11:30:00+08:00 ] 127.0.0.1 /index.php/Home/Area/getCitys/pid/3
INFO: [ app_begin ] --START--
INFO: Run Behavior\ReadHtmlCacheBehavior [ RunTime:0.003148s ]
INFO: [ app_begin ] --END-- [ RunTime:0.004563s ]
SQL: SHOW COLUMNS FROM `tp_area` [ RunTime:0.0284s ]
SQL: SELECT `id`,`name` FROM `tp_area` WHERE `parent_id` = 3  [ RunTime:0.0099s ]
INFO: [ app_end ] --START--
INFO: Run Behavior\ShowPageTraceBehavior [ RunTime:0.002240s ]
INFO: [ app_end ] --END-- [ RunTime:0.002500s ]

[ 2017-02-16T11:30:01+08:00 ] 127.0.0.1 /index.php/Home/Area/getCountys/xpid/37
INFO: [ app_begin ] --START--
INFO: Run Behavior\ReadHtmlCacheBehavior [ RunTime:0.001758s ]
INFO: [ app_begin ] --END-- [ RunTime:0.002878s ]
SQL: SHOW COLUMNS FROM `tp_area` [ RunTime:0.0165s ]
SQL: SELECT `id`,`name` FROM `tp_area` WHERE `parent_id` = 37  [ RunTime:0.0096s ]
INFO: [ app_end ] --START--
INFO: Run Behavior\ShowPageTraceBehavior [ RunTime:0.002179s ]
INFO: [ app_end ] --END-- [ RunTime:0.002404s ]

[ 2017-02-16T12:12:13+08:00 ] 127.0.0.1 /index.php/Home/Manager/aliduanxin?telphone=18612787764
INFO: [ app_begin ] --START--
INFO: Run Behavior\ReadHtmlCacheBehavior [ RunTime:0.001846s ]
INFO: [ app_begin ] --END-- [ RunTime:0.003909s ]
NOTIC: [8] Undefined property: stdClass::$err_code E:\wechat\Home\Controller\ManagerController.class.php 第 203 行.
INFO: [ app_end ] --START--
INFO: Run Behavior\ShowPageTraceBehavior [ RunTime:0.002465s ]
INFO: [ app_end ] --END-- [ RunTime:0.002669s ]

[ 2017-02-16T12:13:19+08:00 ] 127.0.0.1 /index.php/Home/Manager/aliduanxin?telphone=15610688005
INFO: [ app_begin ] --START--
INFO: Run Behavior\ReadHtmlCacheBehavior [ RunTime:0.001898s ]
INFO: [ app_begin ] --END-- [ RunTime:0.003118s ]
NOTIC: [8] Undefined property: stdClass::$err_code E:\wechat\Home\Controller\ManagerController.class.php 第 203 行.
INFO: [ app_end ] --START--
INFO: Run Behavior\ShowPageTraceBehavior [ RunTime:0.002525s ]
INFO: [ app_end ] --END-- [ RunTime:0.002778s ]

[ 2017-02-16T16:23:48+08:00 ] 127.0.0.1 /index.php/Home/Area/getProvinces.html
INFO: [ app_begin ] --START--
INFO: Run Behavior\ReadHtmlCacheBehavior [ RunTime:0.002096s ]
INFO: [ app_begin ] --END-- [ RunTime:0.003717s ]
SQL: SHOW COLUMNS FROM `tp_area` [ RunTime:0.0365s ]
SQL: SELECT `id`,`name` FROM `tp_area` WHERE `type` = 1  [ RunTime:0.0857s ]
INFO: [ app_end ] --START--
INFO: Run Behavior\ShowPageTraceBehavior [ RunTime:0.002357s ]
INFO: [ app_end ] --END-- [ RunTime:0.002632s ]

[ 2017-02-16T16:24:01+08:00 ] 127.0.0.1 /index.php/Home/Area/getProvinces.html
INFO: [ app_begin ] --START--
INFO: Run Behavior\ReadHtmlCacheBehavior [ RunTime:0.002287s ]
INFO: [ app_begin ] --END-- [ RunTime:0.003920s ]
SQL: SHOW COLUMNS FROM `tp_area` [ RunTime:0.0234s ]
SQL: SELECT `id`,`name` FROM `tp_area` WHERE `type` = 1  [ RunTime:0.0061s ]
INFO: [ app_end ] --START--
INFO: Run Behavior\ShowPageTraceBehavior [ RunTime:0.001321s ]
INFO: [ app_end ] --END-- [ RunTime:0.001461s ]

[ 2017-02-16T16:24:37+08:00 ] 127.0.0.1 /index.php/Home/Area/getProvinces.html
INFO: [ app_begin ] --START--
INFO: Run Behavior\ReadHtmlCacheBehavior [ RunTime:0.001751s ]
INFO: [ app_begin ] --END-- [ RunTime:0.003392s ]
SQL: SHOW COLUMNS FROM `tp_area` [ RunTime:0.0202s ]
SQL: SELECT `id`,`name` FROM `tp_area` WHERE `type` = 1  [ RunTime:0.0092s ]
INFO: [ app_end ] --START--
INFO: Run Behavior\ShowPageTraceBehavior [ RunTime:0.001547s ]
INFO: [ app_end ] --END-- [ RunTime:0.001721s ]

[ 2017-02-16T16:25:16+08:00 ] 127.0.0.1 /index.php/Home/Area/getProvinces.html
INFO: [ app_begin ] --START--
INFO: Run Behavior\ReadHtmlCacheBehavior [ RunTime:0.001697s ]
INFO: [ app_begin ] --END-- [ RunTime:0.002738s ]
SQL: SHOW COLUMNS FROM `tp_area` [ RunTime:0.0206s ]
SQL: SELECT `id`,`name` FROM `tp_area` WHERE `type` = 1  [ RunTime:0.0096s ]
INFO: [ app_end ] --START--
INFO: Run Behavior\ShowPageTraceBehavior [ RunTime:0.002439s ]
INFO: [ app_end ] --END-- [ RunTime:0.002718s ]

[ 2017-02-16T16:30:22+08:00 ] 127.0.0.1 /index.php/Home/Service/selectCity/jid/2.html
ERR: 模板不存在:E:/wechat/Home/View/Service/selectCity.html

[ 2017-02-16T16:31:02+08:00 ] 127.0.0.1 /index.php/Home/Area/getProvinces.html
INFO: [ app_begin ] --START--
INFO: Run Behavior\ReadHtmlCacheBehavior [ RunTime:0.001976s ]
INFO: [ app_begin ] --END-- [ RunTime:0.003355s ]
SQL: SHOW COLUMNS FROM `tp_area` [ RunTime:0.0249s ]
SQL: SELECT `id`,`name` FROM `tp_area` WHERE `type` = 1  [ RunTime:0.0130s ]
INFO: [ app_end ] --START--
INFO: Run Behavior\ShowPageTraceBehavior [ RunTime:0.001929s ]
INFO: [ app_end ] --END-- [ RunTime:0.002140s ]

[ 2017-02-16T16:32:03+08:00 ] 127.0.0.1 /index.php/Home/Area/getProvinces.html
INFO: [ app_begin ] --START--
INFO: Run Behavior\ReadHtmlCacheBehavior [ RunTime:0.002472s ]
INFO: [ app_begin ] --END-- [ RunTime:0.004305s ]
SQL: SHOW COLUMNS FROM `tp_area` [ RunTime:0.0314s ]
SQL: SELECT `id`,`name` FROM `tp_area` WHERE `type` = 1  [ RunTime:0.0141s ]
INFO: [ app_end ] --START--
INFO: Run Behavior\ShowPageTraceBehavior [ RunTime:0.001694s ]
INFO: [ app_end ] --END-- [ RunTime:0.001941s ]

[ 2017-02-16T16:32:05+08:00 ] 127.0.0.1 /index.php/Home/Area/getCitys/pid/2
INFO: [ app_begin ] --START--
INFO: Run Behavior\ReadHtmlCacheBehavior [ RunTime:0.001783s ]
INFO: [ app_begin ] --END-- [ RunTime:0.003766s ]
SQL: SHOW COLUMNS FROM `tp_area` [ RunTime:0.0222s ]
SQL: SELECT `id`,`name` FROM `tp_area` WHERE `parent_id` = 2  [ RunTime:0.0094s ]
INFO: [ app_end ] --START--
INFO: Run Behavior\ShowPageTraceBehavior [ RunTime:0.001928s ]
INFO: [ app_end ] --END-- [ RunTime:0.002151s ]

[ 2017-02-16T16:32:08+08:00 ] 127.0.0.1 /index.php/Home/Area/getCountys/xpid/52
INFO: [ app_begin ] --START--
INFO: Run Behavior\ReadHtmlCacheBehavior [ RunTime:0.001491s ]
INFO: [ app_begin ] --END-- [ RunTime:0.002575s ]
SQL: SHOW COLUMNS FROM `tp_area` [ RunTime:0.0167s ]
SQL: SELECT `id`,`name` FROM `tp_area` WHERE `parent_id` = 52  [ RunTime:0.0081s ]
INFO: [ app_end ] --START--
INFO: Run Behavior\ShowPageTraceBehavior [ RunTime:0.002207s ]
INFO: [ app_end ] --END-- [ RunTime:0.002402s ]

[ 2017-02-16T16:35:20+08:00 ] 127.0.0.1 /index.php/Home/Social/selectCity.html
ERR: 非法操作:selectCity

[ 2017-02-16T16:35:59+08:00 ] 127.0.0.1 /index.php/Home/Area/getProvinces.html
INFO: [ app_begin ] --START--
INFO: Run Behavior\ReadHtmlCacheBehavior [ RunTime:0.001579s ]
INFO: [ app_begin ] --END-- [ RunTime:0.002901s ]
SQL: SHOW COLUMNS FROM `tp_area` [ RunTime:0.0262s ]
SQL: SELECT `id`,`name` FROM `tp_area` WHERE `type` = 1  [ RunTime:0.0076s ]
INFO: [ app_end ] --START--
INFO: Run Behavior\ShowPageTraceBehavior [ RunTime:0.002406s ]
INFO: [ app_end ] --END-- [ RunTime:0.002675s ]

[ 2017-02-16T16:36:00+08:00 ] 127.0.0.1 /index.php/Home/Area/getCitys/pid/5
INFO: [ app_begin ] --START--
INFO: Run Behavior\ReadHtmlCacheBehavior [ RunTime:0.002456s ]
INFO: [ app_begin ] --END-- [ RunTime:0.004826s ]
SQL: SHOW COLUMNS FROM `tp_area` [ RunTime:0.0245s ]
SQL: SELECT `id`,`name` FROM `tp_area` WHERE `parent_id` = 5  [ RunTime:0.0077s ]
INFO: [ app_end ] --START--
INFO: Run Behavior\ShowPageTraceBehavior [ RunTime:0.001642s ]
INFO: [ app_end ] --END-- [ RunTime:0.001802s ]

[ 2017-02-16T16:36:01+08:00 ] 127.0.0.1 /index.php/Home/Area/getCountys/xpid/66
INFO: [ app_begin ] --START--
INFO: Run Behavior\ReadHtmlCacheBehavior [ RunTime:0.001624s ]
INFO: [ app_begin ] --END-- [ RunTime:0.002911s ]
SQL: SHOW COLUMNS FROM `tp_area` [ RunTime:0.0196s ]
SQL: SELECT `id`,`name` FROM `tp_area` WHERE `parent_id` = 66  [ RunTime:0.0078s ]
INFO: [ app_end ] --START--
INFO: Run Behavior\ShowPageTraceBehavior [ RunTime:0.001987s ]
INFO: [ app_end ] --END-- [ RunTime:0.002190s ]

[ 2017-02-16T16:36:10+08:00 ] 127.0.0.1 /index.php/Home/Area/getProvinces.html
INFO: [ app_begin ] --START--
INFO: Run Behavior\ReadHtmlCacheBehavior [ RunTime:0.002569s ]
INFO: [ app_begin ] --END-- [ RunTime:0.004282s ]
SQL: SHOW COLUMNS FROM `tp_area` [ RunTime:0.0230s ]
SQL: SELECT `id`,`name` FROM `tp_area` WHERE `type` = 1  [ RunTime:0.0114s ]
INFO: [ app_end ] --START--
INFO: Run Behavior\ShowPageTraceBehavior [ RunTime:0.002197s ]
INFO: [ app_end ] --END-- [ RunTime:0.002467s ]

[ 2017-02-16T16:36:12+08:00 ] 127.0.0.1 /index.php/Home/Area/getCitys/pid/6
INFO: [ app_begin ] --START--
INFO: Run Behavior\ReadHtmlCacheBehavior [ RunTime:0.002276s ]
INFO: [ app_begin ] --END-- [ RunTime:0.004149s ]
SQL: SHOW COLUMNS FROM `tp_area` [ RunTime:0.0320s ]
SQL: SELECT `id`,`name` FROM `tp_area` WHERE `parent_id` = 6  [ RunTime:0.0096s ]
INFO: [ app_end ] --START--
INFO: Run Behavior\ShowPageTraceBehavior [ RunTime:0.003164s ]
INFO: [ app_end ] --END-- [ RunTime:0.003568s ]

[ 2017-02-16T16:36:14+08:00 ] 127.0.0.1 /index.php/Home/Area/getCountys/xpid/81
INFO: [ app_begin ] --START--
INFO: Run Behavior\ReadHtmlCacheBehavior [ RunTime:0.002155s ]
INFO: [ app_begin ] --END-- [ RunTime:0.004549s ]
SQL: SHOW COLUMNS FROM `tp_area` [ RunTime:0.0224s ]
SQL: SELECT `id`,`name` FROM `tp_area` WHERE `parent_id` = 81  [ RunTime:0.0065s ]
INFO: [ app_end ] --START--
INFO: Run Behavior\ShowPageTraceBehavior [ RunTime:0.002133s ]
INFO: [ app_end ] --END-- [ RunTime:0.002329s ]

[ 2017-02-16T16:44:19+08:00 ] 127.0.0.1 /index.php/Home/Area/getProvinces.html
INFO: [ app_begin ] --START--
INFO: Run Behavior\ReadHtmlCacheBehavior [ RunTime:0.002532s ]
INFO: [ app_begin ] --END-- [ RunTime:0.004422s ]
SQL: SHOW COLUMNS FROM `tp_area` [ RunTime:0.0329s ]
SQL: SELECT `id`,`name` FROM `tp_area` WHERE `type` = 1  [ RunTime:0.0131s ]
INFO: [ app_end ] --START--
INFO: Run Behavior\ShowPageTraceBehavior [ RunTime:0.002289s ]
INFO: [ app_end ] --END-- [ RunTime:0.002561s ]

[ 2017-02-16T16:44:48+08:00 ] 127.0.0.1 /index.php/Home/Area/getCitys/pid/17
INFO: [ app_begin ] --START--
INFO: Run Behavior\ReadHtmlCacheBehavior [ RunTime:0.006983s ]
INFO: [ app_begin ] --END-- [ RunTime:0.008977s ]
SQL: SHOW COLUMNS FROM `tp_area` [ RunTime:0.0273s ]
SQL: SELECT `id`,`name` FROM `tp_area` WHERE `parent_id` = 17  [ RunTime:0.0095s ]
INFO: [ app_end ] --START--
INFO: Run Behavior\ShowPageTraceBehavior [ RunTime:0.003400s ]
INFO: [ app_end ] --END-- [ RunTime:0.003755s ]

[ 2017-02-16T16:44:50+08:00 ] 127.0.0.1 /index.php/Home/Area/getCountys/xpid/233
INFO: [ app_begin ] --START--
INFO: Run Behavior\ReadHtmlCacheBehavior [ RunTime:0.001831s ]
INFO: [ app_begin ] --END-- [ RunTime:0.003164s ]
SQL: SHOW COLUMNS FROM `tp_area` [ RunTime:0.0384s ]
SQL: SELECT `id`,`name` FROM `tp_area` WHERE `parent_id` = 233  [ RunTime:0.0086s ]
INFO: [ app_end ] --START--
INFO: Run Behavior\ShowPageTraceBehavior [ RunTime:0.002527s ]
INFO: [ app_end ] --END-- [ RunTime:0.002864s ]

[ 2017-02-16T16:45:39+08:00 ] 127.0.0.1 /index.php/Home/Area/getProvinces.html
INFO: [ app_begin ] --START--
INFO: Run Behavior\ReadHtmlCacheBehavior [ RunTime:0.002648s ]
INFO: [ app_begin ] --END-- [ RunTime:0.004337s ]
SQL: SHOW COLUMNS FROM `tp_area` [ RunTime:0.0235s ]
SQL: SELECT `id`,`name` FROM `tp_area` WHERE `type` = 1  [ RunTime:0.0123s ]
INFO: [ app_end ] --START--
INFO: Run Behavior\ShowPageTraceBehavior [ RunTime:0.002113s ]
INFO: [ app_end ] --END-- [ RunTime:0.002388s ]

[ 2017-02-16T16:45:41+08:00 ] 127.0.0.1 /index.php/Home/Area/getCitys/pid/5
INFO: [ app_begin ] --START--
INFO: Run Behavior\ReadHtmlCacheBehavior [ RunTime:0.002184s ]
INFO: [ app_begin ] --END-- [ RunTime:0.003753s ]
SQL: SHOW COLUMNS FROM `tp_area` [ RunTime:0.0232s ]
SQL: SELECT `id`,`name` FROM `tp_area` WHERE `parent_id` = 5  [ RunTime:0.0102s ]
INFO: [ app_end ] --START--
INFO: Run Behavior\ShowPageTraceBehavior [ RunTime:0.001994s ]
INFO: [ app_end ] --END-- [ RunTime:0.002237s ]

[ 2017-02-16T16:45:42+08:00 ] 127.0.0.1 /index.php/Home/Area/getCountys/xpid/66
INFO: [ app_begin ] --START--
INFO: Run Behavior\ReadHtmlCacheBehavior [ RunTime:0.002469s ]
INFO: [ app_begin ] --END-- [ RunTime:0.003714s ]
SQL: SHOW COLUMNS FROM `tp_area` [ RunTime:0.0337s ]
SQL: SELECT `id`,`name` FROM `tp_area` WHERE `parent_id` = 66  [ RunTime:0.0160s ]
INFO: [ app_end ] --START--
INFO: Run Behavior\ShowPageTraceBehavior [ RunTime:0.002500s ]
INFO: [ app_end ] --END-- [ RunTime:0.002790s ]

[ 2017-02-16T16:48:20+08:00 ] 127.0.0.1 /index.php/Home/Area/getProvinces.html
INFO: [ app_begin ] --START--
INFO: Run Behavior\ReadHtmlCacheBehavior [ RunTime:0.002156s ]
INFO: [ app_begin ] --END-- [ RunTime:0.003978s ]
SQL: SHOW COLUMNS FROM `tp_area` [ RunTime:0.0265s ]
SQL: SELECT `id`,`name` FROM `tp_area` WHERE `type` = 1  [ RunTime:0.0091s ]
INFO: [ app_end ] --START--
INFO: Run Behavior\ShowPageTraceBehavior [ RunTime:0.001749s ]
INFO: [ app_end ] --END-- [ RunTime:0.001956s ]

[ 2017-02-16T16:50:17+08:00 ] 127.0.0.1 /index.php/Home/Area/getProvinces.html
INFO: [ app_begin ] --START--
INFO: Run Behavior\ReadHtmlCacheBehavior [ RunTime:0.001831s ]
INFO: [ app_begin ] --END-- [ RunTime:0.003344s ]
SQL: SHOW COLUMNS FROM `tp_area` [ RunTime:0.0307s ]
SQL: SELECT `id`,`name` FROM `tp_area` WHERE `type` = 1  [ RunTime:0.0132s ]
INFO: [ app_end ] --START--
INFO: Run Behavior\ShowPageTraceBehavior [ RunTime:0.001889s ]
INFO: [ app_end ] --END-- [ RunTime:0.002121s ]

[ 2017-02-16T16:56:56+08:00 ] 127.0.0.1 /index.php/Home/Area/getProvinces.html
INFO: [ app_begin ] --START--
INFO: Run Behavior\ReadHtmlCacheBehavior [ RunTime:0.002360s ]
INFO: [ app_begin ] --END-- [ RunTime:0.004155s ]
SQL: SHOW COLUMNS FROM `tp_area` [ RunTime:0.0245s ]
SQL: SELECT `id`,`name` FROM `tp_area` WHERE `type` = 1  [ RunTime:0.0083s ]
INFO: [ app_end ] --START--
INFO: Run Behavior\ShowPageTraceBehavior [ RunTime:0.001761s ]
INFO: [ app_end ] --END-- [ RunTime:0.001973s ]

[ 2017-02-16T16:56:58+08:00 ] 127.0.0.1 /index.php/Home/Area/getCitys/pid/4
INFO: [ app_begin ] --START--
INFO: Run Behavior\ReadHtmlCacheBehavior [ RunTime:0.001768s ]
INFO: [ app_begin ] --END-- [ RunTime:0.003119s ]
SQL: SHOW COLUMNS FROM `tp_area` [ RunTime:0.0216s ]
SQL: SELECT `id`,`name` FROM `tp_area` WHERE `parent_id` = 4  [ RunTime:0.0108s ]
INFO: [ app_end ] --START--
INFO: Run Behavior\ShowPageTraceBehavior [ RunTime:0.001680s ]
INFO: [ app_end ] --END-- [ RunTime:0.001928s ]

[ 2017-02-16T16:56:59+08:00 ] 127.0.0.1 /index.php/Home/Area/getCountys/xpid/53
INFO: [ app_begin ] --START--
INFO: Run Behavior\ReadHtmlCacheBehavior [ RunTime:0.001780s ]
INFO: [ app_begin ] --END-- [ RunTime:0.003012s ]
SQL: SHOW COLUMNS FROM `tp_area` [ RunTime:0.0264s ]
SQL: SELECT `id`,`name` FROM `tp_area` WHERE `parent_id` = 53  [ RunTime:0.0094s ]
INFO: [ app_end ] --START--
INFO: Run Behavior\ShowPageTraceBehavior [ RunTime:0.002275s ]
INFO: [ app_end ] --END-- [ RunTime:0.002493s ]

[ 2017-02-16T17:26:29+08:00 ] 127.0.0.1 /index.php/Home/Problem/css/content.css
ERR: 非法操作:css

[ 2017-02-16T17:26:29+08:00 ] 127.0.0.1 /index.php/Home/Problem/css/base.css
ERR: 非法操作:css

[ 2017-02-16T17:33:26+08:00 ] 127.0.0.1 /index.php/Home/Problem/css/content.css
ERR: 非法操作:css

[ 2017-02-16T17:33:26+08:00 ] 127.0.0.1 /index.php/Home/Problem/css/base.css
ERR: 非法操作:css

[ 2017-02-16T17:34:01+08:00 ] 127.0.0.1 /index.php/Home/Problem/css/content.css
ERR: 非法操作:css

[ 2017-02-16T17:34:01+08:00 ] 127.0.0.1 /index.php/Home/Problem/css/base.css
ERR: 非法操作:css

[ 2017-02-16T17:34:05+08:00 ] 127.0.0.1 /index.php/Home/Problem/css/content.css
ERR: 非法操作:css

[ 2017-02-16T17:34:05+08:00 ] 127.0.0.1 /index.php/Home/Problem/css/base.css
ERR: 非法操作:css

[ 2017-02-16T17:34:15+08:00 ] 127.0.0.1 /index.php/Home/Problem/css/content.css
ERR: 非法操作:css

[ 2017-02-16T17:34:16+08:00 ] 127.0.0.1 /index.php/Home/Problem/css/base.css
ERR: 非法操作:css

[ 2017-02-16T17:34:19+08:00 ] 127.0.0.1 /index.php/Home/Problem/css/base.css
ERR: 非法操作:css

[ 2017-02-16T17:34:19+08:00 ] 127.0.0.1 /index.php/Home/Problem/css/content.css
ERR: 非法操作:css

[ 2017-02-16T17:34:23+08:00 ] 127.0.0.1 /index.php/Home/Problem/css/content.css
ERR: 非法操作:css

[ 2017-02-16T17:34:23+08:00 ] 127.0.0.1 /index.php/Home/Problem/css/base.css
ERR: 非法操作:css

[ 2017-02-16T17:34:27+08:00 ] 127.0.0.1 /index.php/Home/Problem/css/content.css
ERR: 非法操作:css

[ 2017-02-16T17:34:27+08:00 ] 127.0.0.1 /index.php/Home/Problem/css/base.css
ERR: 非法操作:css

[ 2017-02-16T17:34:33+08:00 ] 127.0.0.1 /index.php/Home/Problem/css/content.css
ERR: 非法操作:css

[ 2017-02-16T17:34:33+08:00 ] 127.0.0.1 /index.php/Home/Problem/css/base.css
ERR: 非法操作:css

[ 2017-02-16T17:35:21+08:00 ] 127.0.0.1 /index.php/Home/Problem/css/content.css
ERR: 非法操作:css

[ 2017-02-16T17:35:21+08:00 ] 127.0.0.1 /index.php/Home/Problem/css/base.css
ERR: 非法操作:css

[ 2017-02-16T17:36:04+08:00 ] 127.0.0.1 /index.php/Home/Problem/css/content.css
ERR: 非法操作:css

[ 2017-02-16T17:36:04+08:00 ] 127.0.0.1 /index.php/Home/Problem/css/base.css
ERR: 非法操作:css

[ 2017-02-16T17:40:33+08:00 ] 127.0.0.1 /index.php/Home/Problem/css/content.css
ERR: 非法操作:css

[ 2017-02-16T17:40:33+08:00 ] 127.0.0.1 /index.php/Home/Problem/css/base.css
ERR: 非法操作:css

[ 2017-02-16T17:41:00+08:00 ] 127.0.0.1 /index.php/Home/Problem/css/content.css
ERR: 非法操作:css

[ 2017-02-16T17:41:00+08:00 ] 127.0.0.1 /index.php/Home/Problem/css/base.css
ERR: 非法操作:css

[ 2017-02-16T17:41:02+08:00 ] 127.0.0.1 /index.php/Home/Problem/css/content.css
ERR: 非法操作:css

[ 2017-02-16T17:41:02+08:00 ] 127.0.0.1 /index.php/Home/Problem/css/base.css
ERR: 非法操作:css

[ 2017-02-16T17:41:05+08:00 ] 127.0.0.1 /index.php/Home/Problem/css/base.css
ERR: 非法操作:css

[ 2017-02-16T17:41:05+08:00 ] 127.0.0.1 /index.php/Home/Problem/css/content.css
ERR: 非法操作:css

[ 2017-02-16T17:42:00+08:00 ] 127.0.0.1 /index.php/Home/Problem/css/base.css
ERR: 非法操作:css

[ 2017-02-16T17:42:00+08:00 ] 127.0.0.1 /index.php/Home/Problem/css/content.css
ERR: 非法操作:css

[ 2017-02-16T17:42:02+08:00 ] 127.0.0.1 /index.php/Home/Problem/css/content.css
ERR: 非法操作:css

[ 2017-02-16T17:42:02+08:00 ] 127.0.0.1 /index.php/Home/Problem/css/base.css
ERR: 非法操作:css

[ 2017-02-16T17:42:30+08:00 ] 127.0.0.1 /index.php/Home/Problem/css/content.css
ERR: 非法操作:css

[ 2017-02-16T17:42:30+08:00 ] 127.0.0.1 /index.php/Home/Problem/css/base.css
ERR: 非法操作:css

[ 2017-02-16T17:42:35+08:00 ] 127.0.0.1 /index.php/Home/Problem/css/base.css
ERR: 非法操作:css

[ 2017-02-16T17:42:35+08:00 ] 127.0.0.1 /index.php/Home/Problem/css/content.css
ERR: 非法操作:css

[ 2017-02-16T18:08:19+08:00 ] 127.0.0.1 /index.php/Home/Area/getProvinces.html
INFO: [ app_begin ] --START--
INFO: Run Behavior\ReadHtmlCacheBehavior [ RunTime:0.001933s ]
INFO: [ app_begin ] --END-- [ RunTime:0.003251s ]
SQL: SHOW COLUMNS FROM `tp_area` [ RunTime:0.0230s ]
SQL: SELECT `id`,`name` FROM `tp_area` WHERE `type` = 1  [ RunTime:0.0113s ]
INFO: [ app_end ] --START--
INFO: Run Behavior\ShowPageTraceBehavior [ RunTime:0.001419s ]
INFO: [ app_end ] --END-- [ RunTime:0.001631s ]

[ 2017-02-16T18:09:11+08:00 ] 127.0.0.1 /index.php/Home/Area/getProvinces.html
INFO: [ app_begin ] --START--
INFO: Run Behavior\ReadHtmlCacheBehavior [ RunTime:0.003628s ]
INFO: [ app_begin ] --END-- [ RunTime:0.005982s ]
SQL: SHOW COLUMNS FROM `tp_area` [ RunTime:0.0281s ]
SQL: SELECT `id`,`name` FROM `tp_area` WHERE `type` = 1  [ RunTime:0.0167s ]
INFO: [ app_end ] --START--
INFO: Run Behavior\ShowPageTraceBehavior [ RunTime:0.002315s ]
INFO: [ app_end ] --END-- [ RunTime:0.002583s ]

