[ 2017-02-17T09:44:10+08:00 ] 127.0.0.1 /index.php/Home/Area/getProvinces.html
INFO: [ app_begin ] --START--
INFO: Run Behavior\ReadHtmlCacheBehavior [ RunTime:0.002328s ]
INFO: [ app_begin ] --END-- [ RunTime:0.004158s ]
SQL: SHOW COLUMNS FROM `tp_area` [ RunTime:0.0240s ]
SQL: SELECT `id`,`name` FROM `tp_area` WHERE `type` = 1  [ RunTime:0.1672s ]
INFO: [ app_end ] --START--
INFO: Run Behavior\ShowPageTraceBehavior [ RunTime:0.001572s ]
INFO: [ app_end ] --END-- [ RunTime:0.001810s ]

[ 2017-02-17T09:44:17+08:00 ] 127.0.0.1 /index.php/Home/Area/getProvinces.html
INFO: [ app_begin ] --START--
INFO: Run Behavior\ReadHtmlCacheBehavior [ RunTime:0.002437s ]
INFO: [ app_begin ] --END-- [ RunTime:0.004494s ]
SQL: SHOW COLUMNS FROM `tp_area` [ RunTime:0.0227s ]
SQL: SELECT `id`,`name` FROM `tp_area` WHERE `type` = 1  [ RunTime:0.0127s ]
INFO: [ app_end ] --START--
INFO: Run Behavior\ShowPageTraceBehavior [ RunTime:0.002382s ]
INFO: [ app_end ] --END-- [ RunTime:0.002608s ]

[ 2017-02-17T10:19:45+08:00 ] 127.0.0.1 /index.php/Home/Area/getProvinces.html
INFO: [ app_begin ] --START--
INFO: Run Behavior\ReadHtmlCacheBehavior [ RunTime:0.002327s ]
INFO: [ app_begin ] --END-- [ RunTime:0.003831s ]
SQL: SHOW COLUMNS FROM `tp_area` [ RunTime:0.0319s ]
SQL: SELECT `id`,`name` FROM `tp_area` WHERE `type` = 1  [ RunTime:0.0085s ]
INFO: [ app_end ] --START--
INFO: Run Behavior\ShowPageTraceBehavior [ RunTime:0.001900s ]
INFO: [ app_end ] --END-- [ RunTime:0.002068s ]

[ 2017-02-17T10:19:47+08:00 ] 127.0.0.1 /index.php/Home/Area/getCitys/pid/3
INFO: [ app_begin ] --START--
INFO: Run Behavior\ReadHtmlCacheBehavior [ RunTime:0.002129s ]
INFO: [ app_begin ] --END-- [ RunTime:0.003697s ]
SQL: SHOW COLUMNS FROM `tp_area` [ RunTime:0.0246s ]
SQL: SELECT `id`,`name` FROM `tp_area` WHERE `parent_id` = 3  [ RunTime:0.0100s ]
INFO: [ app_end ] --START--
INFO: Run Behavior\ShowPageTraceBehavior [ RunTime:0.001663s ]
INFO: [ app_end ] --END-- [ RunTime:0.001897s ]

[ 2017-02-17T10:19:48+08:00 ] 127.0.0.1 /index.php/Home/Area/getCountys/xpid/37
INFO: [ app_begin ] --START--
INFO: Run Behavior\ReadHtmlCacheBehavior [ RunTime:0.001833s ]
INFO: [ app_begin ] --END-- [ RunTime:0.003426s ]
SQL: SHOW COLUMNS FROM `tp_area` [ RunTime:0.0249s ]
SQL: SELECT `id`,`name` FROM `tp_area` WHERE `parent_id` = 37  [ RunTime:0.0082s ]
INFO: [ app_end ] --START--
INFO: Run Behavior\ShowPageTraceBehavior [ RunTime:0.002035s ]
INFO: [ app_end ] --END-- [ RunTime:0.002257s ]

[ 2017-02-17T10:30:04+08:00 ] 127.0.0.1 /index.php/Home/Area/getProvinces.html
INFO: [ app_begin ] --START--
INFO: Run Behavior\ReadHtmlCacheBehavior [ RunTime:0.001156s ]
INFO: [ app_begin ] --END-- [ RunTime:0.001999s ]
SQL: SHOW COLUMNS FROM `tp_area` [ RunTime:0.0233s ]
SQL: SELECT `id`,`name` FROM `tp_area` WHERE `type` = 1  [ RunTime:0.0110s ]
INFO: [ app_end ] --START--
INFO: Run Behavior\ShowPageTraceBehavior [ RunTime:0.001220s ]
INFO: [ app_end ] --END-- [ RunTime:0.001381s ]

[ 2017-02-17T10:30:06+08:00 ] 127.0.0.1 /index.php/Home/Area/getCitys/pid/3
INFO: [ app_begin ] --START--
INFO: Run Behavior\ReadHtmlCacheBehavior [ RunTime:0.001849s ]
INFO: [ app_begin ] --END-- [ RunTime:0.003038s ]
SQL: SHOW COLUMNS FROM `tp_area` [ RunTime:0.0364s ]
SQL: SELECT `id`,`name` FROM `tp_area` WHERE `parent_id` = 3  [ RunTime:0.0090s ]
INFO: [ app_end ] --START--
INFO: Run Behavior\ShowPageTraceBehavior [ RunTime:0.003081s ]
INFO: [ app_end ] --END-- [ RunTime:0.003431s ]

[ 2017-02-17T10:30:07+08:00 ] 127.0.0.1 /index.php/Home/Area/getCountys/xpid/37
INFO: [ app_begin ] --START--
INFO: Run Behavior\ReadHtmlCacheBehavior [ RunTime:0.002485s ]
INFO: [ app_begin ] --END-- [ RunTime:0.004275s ]
SQL: SHOW COLUMNS FROM `tp_area` [ RunTime:0.0183s ]
SQL: SELECT `id`,`name` FROM `tp_area` WHERE `parent_id` = 37  [ RunTime:0.0063s ]
INFO: [ app_end ] --START--
INFO: Run Behavior\ShowPageTraceBehavior [ RunTime:0.001520s ]
INFO: [ app_end ] --END-- [ RunTime:0.001785s ]

[ 2017-02-17T10:32:35+08:00 ] 127.0.0.1 /index.php/Home/Area/getProvinces.html
INFO: [ app_begin ] --START--
INFO: Run Behavior\ReadHtmlCacheBehavior [ RunTime:0.001959s ]
INFO: [ app_begin ] --END-- [ RunTime:0.003318s ]
SQL: SHOW COLUMNS FROM `tp_area` [ RunTime:0.0207s ]
SQL: SELECT `id`,`name` FROM `tp_area` WHERE `type` = 1  [ RunTime:0.0092s ]
INFO: [ app_end ] --START--
INFO: Run Behavior\ShowPageTraceBehavior [ RunTime:0.001437s ]
INFO: [ app_end ] --END-- [ RunTime:0.001641s ]

[ 2017-02-17T10:32:37+08:00 ] 127.0.0.1 /index.php/Home/Area/getCitys/pid/2
INFO: [ app_begin ] --START--
INFO: Run Behavior\ReadHtmlCacheBehavior [ RunTime:0.002020s ]
INFO: [ app_begin ] --END-- [ RunTime:0.003431s ]
SQL: SHOW COLUMNS FROM `tp_area` [ RunTime:0.0229s ]
SQL: SELECT `id`,`name` FROM `tp_area` WHERE `parent_id` = 2  [ RunTime:0.0070s ]
INFO: [ app_end ] --START--
INFO: Run Behavior\ShowPageTraceBehavior [ RunTime:0.002271s ]
INFO: [ app_end ] --END-- [ RunTime:0.002558s ]

[ 2017-02-17T10:32:39+08:00 ] 127.0.0.1 /index.php/Home/Area/getCountys/xpid/52
INFO: [ app_begin ] --START--
INFO: Run Behavior\ReadHtmlCacheBehavior [ RunTime:0.003262s ]
INFO: [ app_begin ] --END-- [ RunTime:0.004705s ]
SQL: SHOW COLUMNS FROM `tp_area` [ RunTime:0.0216s ]
SQL: SELECT `id`,`name` FROM `tp_area` WHERE `parent_id` = 52  [ RunTime:0.0078s ]
INFO: [ app_end ] --START--
INFO: Run Behavior\ShowPageTraceBehavior [ RunTime:0.001686s ]
INFO: [ app_end ] --END-- [ RunTime:0.002429s ]

[ 2017-02-17T11:30:39+08:00 ] 127.0.0.1 /index.php/Home/Social/cplan/cid/60.html
INFO: [ app_init ] --START--
INFO: Run Behavior\BuildLiteBehavior [ RunTime:0.000067s ]
INFO: [ app_init ] --END-- [ RunTime:0.002225s ]
INFO: [ app_begin ] --START--
INFO: Run Behavior\ReadHtmlCacheBehavior [ RunTime:0.003079s ]
INFO: [ app_begin ] --END-- [ RunTime:0.003403s ]
SQL: SHOW COLUMNS FROM `tp_cinfo` [ RunTime:0.0194s ]
SQL: SELECT * FROM `tp_cinfo` WHERE `id` = 60 LIMIT 1   [ RunTime:0.0027s ]
SQL: SHOW COLUMNS FROM `tp_city` [ RunTime:0.0344s ]
SQL: SELECT * FROM `tp_city` WHERE `cid` = 60 LIMIT 1   [ RunTime:0.0052s ]
INFO: [ view_parse ] --START--
INFO: [ template_filter ] --START--
INFO: Run Behavior\ContentReplaceBehavior [ RunTime:0.000254s ]
INFO: [ template_filter ] --END-- [ RunTime:0.000538s ]
INFO: Run Behavior\ParseTemplateBehavior [ RunTime:0.033559s ]
INFO: [ view_parse ] --END-- [ RunTime:0.033810s ]
INFO: [ view_filter ] --START--
INFO: Run Behavior\WriteHtmlCacheBehavior [ RunTime:0.001183s ]
INFO: [ view_filter ] --END-- [ RunTime:0.001367s ]
INFO: [ app_end ] --START--
INFO: Run Behavior\ShowPageTraceBehavior [ RunTime:0.002567s ]
INFO: [ app_end ] --END-- [ RunTime:0.002792s ]

[ 2017-02-17T11:33:42+08:00 ] 127.0.0.1 /index.php/Home/Social/cplan/cid/60.html
INFO: [ app_init ] --START--
INFO: Run Behavior\BuildLiteBehavior [ RunTime:0.000057s ]
INFO: [ app_init ] --END-- [ RunTime:0.002145s ]
INFO: [ app_begin ] --START--
INFO: Run Behavior\ReadHtmlCacheBehavior [ RunTime:0.002965s ]
INFO: [ app_begin ] --END-- [ RunTime:0.003487s ]
SQL: SHOW COLUMNS FROM `tp_cinfo` [ RunTime:0.0202s ]
SQL: SELECT * FROM `tp_cinfo` WHERE `id` = 60 LIMIT 1   [ RunTime:0.0031s ]
SQL: SHOW COLUMNS FROM `tp_city` [ RunTime:0.0232s ]
SQL: SELECT * FROM `tp_city` WHERE `cid` = 60 LIMIT 1   [ RunTime:0.0018s ]
INFO: [ view_parse ] --START--
INFO: [ template_filter ] --START--
INFO: Run Behavior\ContentReplaceBehavior [ RunTime:0.000181s ]
INFO: [ template_filter ] --END-- [ RunTime:0.000432s ]
INFO: Run Behavior\ParseTemplateBehavior [ RunTime:0.032545s ]
INFO: [ view_parse ] --END-- [ RunTime:0.032893s ]
INFO: [ view_filter ] --START--
INFO: Run Behavior\WriteHtmlCacheBehavior [ RunTime:0.001451s ]
INFO: [ view_filter ] --END-- [ RunTime:0.001755s ]
INFO: [ app_end ] --START--
INFO: Run Behavior\ShowPageTraceBehavior [ RunTime:0.004240s ]
INFO: [ app_end ] --END-- [ RunTime:0.004522s ]

[ 2017-02-17T11:33:46+08:00 ] 127.0.0.1 /index.php/Home/Social/cplan/cid/60.html
INFO: [ app_init ] --START--
INFO: Run Behavior\BuildLiteBehavior [ RunTime:0.000041s ]
INFO: [ app_init ] --END-- [ RunTime:0.001078s ]
INFO: [ app_begin ] --START--
INFO: Run Behavior\ReadHtmlCacheBehavior [ RunTime:0.001519s ]
INFO: [ app_begin ] --END-- [ RunTime:0.001710s ]
SQL: SHOW COLUMNS FROM `tp_cinfo` [ RunTime:0.0230s ]
SQL: SELECT * FROM `tp_cinfo` WHERE `id` = 60 LIMIT 1   [ RunTime:0.0034s ]
SQL: SHOW COLUMNS FROM `tp_city` [ RunTime:0.0200s ]
SQL: SELECT * FROM `tp_city` WHERE `cid` = 60 LIMIT 1   [ RunTime:0.0009s ]
INFO: [ view_parse ] --START--
INFO: [ template_filter ] --START--
INFO: Run Behavior\ContentReplaceBehavior [ RunTime:0.000185s ]
INFO: [ template_filter ] --END-- [ RunTime:0.000440s ]
INFO: Run Behavior\ParseTemplateBehavior [ RunTime:0.028587s ]
INFO: [ view_parse ] --END-- [ RunTime:0.028827s ]
INFO: [ view_filter ] --START--
INFO: Run Behavior\WriteHtmlCacheBehavior [ RunTime:0.000669s ]
INFO: [ view_filter ] --END-- [ RunTime:0.000864s ]
INFO: [ app_end ] --START--
INFO: Run Behavior\ShowPageTraceBehavior [ RunTime:0.001683s ]
INFO: [ app_end ] --END-- [ RunTime:0.001851s ]

[ 2017-02-17T11:33:53+08:00 ] 127.0.0.1 /index.php/Home/Social/social_buy.html
INFO: [ app_init ] --START--
INFO: Run Behavior\BuildLiteBehavior [ RunTime:0.000041s ]
INFO: [ app_init ] --END-- [ RunTime:0.001845s ]
INFO: [ app_begin ] --START--
INFO: Run Behavior\ReadHtmlCacheBehavior [ RunTime:0.002068s ]
INFO: [ app_begin ] --END-- [ RunTime:0.002269s ]
NOTIC: [8] Undefined index: cid E:\wechat\Home\Controller\SocialController.class.php Á¨¨ 16 Ë°å.
SQL: SHOW COLUMNS FROM `tp_cinfo` [ RunTime:0.0191s ]
SQL: SELECT * FROM `tp_cinfo` WHERE `uid` = 3 ORDER BY id desc LIMIT 1   [ RunTime:0.0014s ]
SQL: SHOW COLUMNS FROM `tp_city` [ RunTime:0.0156s ]
SQL: SELECT * FROM `tp_city` WHERE `cid` = 60 LIMIT 1   [ RunTime:0.0022s ]
SQL: SHOW COLUMNS FROM `tp_area` [ RunTime:0.0181s ]
SQL: SELECT * FROM `tp_area` WHERE `id` = 17 LIMIT 1   [ RunTime:0.0020s ]
SQL: SELECT * FROM `tp_area` WHERE `id` = 233 LIMIT 1   [ RunTime:0.0014s ]
SQL: SELECT * FROM `tp_area` WHERE `id` = 1959 LIMIT 1   [ RunTime:0.0017s ]
INFO: [ view_parse ] --START--
INFO: [ template_filter ] --START--
INFO: Run Behavior\ContentReplaceBehavior [ RunTime:0.000134s ]
INFO: [ template_filter ] --END-- [ RunTime:0.000374s ]
INFO: Run Behavior\ParseTemplateBehavior [ RunTime:0.025877s ]
INFO: [ view_parse ] --END-- [ RunTime:0.026077s ]
INFO: [ view_filter ] --START--
INFO: Run Behavior\WriteHtmlCacheBehavior [ RunTime:0.000769s ]
INFO: [ view_filter ] --END-- [ RunTime:0.000910s ]
INFO: [ app_end ] --START--
INFO: Run Behavior\ShowPageTraceBehavior [ RunTime:0.001507s ]
INFO: [ app_end ] --END-- [ RunTime:0.001705s ]

[ 2017-02-17T11:51:43+08:00 ] 127.0.0.1 /index.php/Home/My/ncperson.html
ERR: SQLSTATE[HY000] [2002] php_network_getaddresses: getaddrinfo failed: ≤ª÷™µ¿’‚—˘µƒ÷˜ª˙°£ 

[ 2017-02-17T13:24:07+08:00 ] 127.0.0.1 /index.php/Home/Social/social_buy.html
ERR: SQLSTATE[HY000] [2002] php_network_getaddresses: getaddrinfo failed: ≤ª÷™µ¿’‚—˘µƒ÷˜ª˙°£ 

[ 2017-02-17T13:26:12+08:00 ] 127.0.0.1 /index.php/Home/Manager/aliduanxin?telphone=15610688005
INFO: [ app_begin ] --START--
INFO: Run Behavior\ReadHtmlCacheBehavior [ RunTime:0.001670s ]
INFO: [ app_begin ] --END-- [ RunTime:0.003090s ]
NOTIC: [8] Undefined property: stdClass::$err_code E:\wechat\Home\Controller\ManagerController.class.php Á¨¨ 203 Ë°å.
INFO: [ app_end ] --START--
INFO: Run Behavior\ShowPageTraceBehavior [ RunTime:0.002016s ]
INFO: [ app_end ] --END-- [ RunTime:0.002224s ]

[ 2017-02-17T14:02:29+08:00 ] 127.0.0.1 /index.php/Home/Service/css/content.css
ERR: ÈùûÊ≥ïÊìç‰Ωú:css

[ 2017-02-17T14:02:29+08:00 ] 127.0.0.1 /index.php/Home/Service/css/base.css
ERR: ÈùûÊ≥ïÊìç‰Ωú:css

[ 2017-02-17T14:14:22+08:00 ] 127.0.0.1 /index.php/Home/Area/getProvinces.html
INFO: [ app_begin ] --START--
INFO: Run Behavior\ReadHtmlCacheBehavior [ RunTime:0.001587s ]
INFO: [ app_begin ] --END-- [ RunTime:0.002748s ]
SQL: SHOW COLUMNS FROM `tp_area` [ RunTime:0.0218s ]
SQL: SELECT `id`,`name` FROM `tp_area` WHERE `type` = 1  [ RunTime:0.0744s ]
INFO: [ app_end ] --START--
INFO: Run Behavior\ShowPageTraceBehavior [ RunTime:0.001223s ]
INFO: [ app_end ] --END-- [ RunTime:0.001368s ]

[ 2017-02-17T14:14:27+08:00 ] 127.0.0.1 /index.php/Home/Area/getCitys/pid/3
INFO: [ app_begin ] --START--
INFO: Run Behavior\ReadHtmlCacheBehavior [ RunTime:0.001689s ]
INFO: [ app_begin ] --END-- [ RunTime:0.002896s ]
SQL: SHOW COLUMNS FROM `tp_area` [ RunTime:0.0267s ]
SQL: SELECT `id`,`name` FROM `tp_area` WHERE `parent_id` = 3  [ RunTime:0.0094s ]
INFO: [ app_end ] --START--
INFO: Run Behavior\ShowPageTraceBehavior [ RunTime:0.001961s ]
INFO: [ app_end ] --END-- [ RunTime:0.002179s ]

[ 2017-02-17T14:14:28+08:00 ] 127.0.0.1 /index.php/Home/Area/getCountys/xpid/37
INFO: [ app_begin ] --START--
INFO: Run Behavior\ReadHtmlCacheBehavior [ RunTime:0.002088s ]
INFO: [ app_begin ] --END-- [ RunTime:0.003444s ]
SQL: SHOW COLUMNS FROM `tp_area` [ RunTime:0.0274s ]
SQL: SELECT `id`,`name` FROM `tp_area` WHERE `parent_id` = 37  [ RunTime:0.0120s ]
INFO: [ app_end ] --START--
INFO: Run Behavior\ShowPageTraceBehavior [ RunTime:0.002959s ]
INFO: [ app_end ] --END-- [ RunTime:0.003548s ]

[ 2017-02-17T14:14:56+08:00 ] 127.0.0.1 /index.php/Home/Area/getProvinces.html
INFO: [ app_begin ] --START--
INFO: Run Behavior\ReadHtmlCacheBehavior [ RunTime:0.004224s ]
INFO: [ app_begin ] --END-- [ RunTime:0.009439s ]
SQL: SHOW COLUMNS FROM `tp_area` [ RunTime:0.0333s ]
SQL: SELECT `id`,`name` FROM `tp_area` WHERE `type` = 1  [ RunTime:0.0110s ]
INFO: [ app_end ] --START--
INFO: Run Behavior\ShowPageTraceBehavior [ RunTime:0.001949s ]
INFO: [ app_end ] --END-- [ RunTime:0.002183s ]

[ 2017-02-17T14:16:57+08:00 ] 127.0.0.1 /index.php/Home/Area/getProvinces.html
INFO: [ app_begin ] --START--
INFO: Run Behavior\ReadHtmlCacheBehavior [ RunTime:0.001843s ]
INFO: [ app_begin ] --END-- [ RunTime:0.003284s ]
SQL: SHOW COLUMNS FROM `tp_area` [ RunTime:0.0321s ]
SQL: SELECT `id`,`name` FROM `tp_area` WHERE `type` = 1  [ RunTime:0.0096s ]
INFO: [ app_end ] --START--
INFO: Run Behavior\ShowPageTraceBehavior [ RunTime:0.001872s ]
INFO: [ app_end ] --END-- [ RunTime:0.002085s ]

[ 2017-02-17T14:20:33+08:00 ] 127.0.0.1 /index.php/Home/Area/getProvinces.html
INFO: [ app_begin ] --START--
INFO: Run Behavior\ReadHtmlCacheBehavior [ RunTime:0.002036s ]
INFO: [ app_begin ] --END-- [ RunTime:0.003807s ]
SQL: SHOW COLUMNS FROM `tp_area` [ RunTime:0.0382s ]
SQL: SELECT `id`,`name` FROM `tp_area` WHERE `type` = 1  [ RunTime:0.0133s ]
INFO: [ app_end ] --START--
INFO: Run Behavior\ShowPageTraceBehavior [ RunTime:0.001681s ]
INFO: [ app_end ] --END-- [ RunTime:0.001903s ]

[ 2017-02-17T14:20:44+08:00 ] 127.0.0.1 /index.php/Home/Area/getProvinces.html
INFO: [ app_begin ] --START--
INFO: Run Behavior\ReadHtmlCacheBehavior [ RunTime:0.001589s ]
INFO: [ app_begin ] --END-- [ RunTime:0.002417s ]
SQL: SHOW COLUMNS FROM `tp_area` [ RunTime:0.0256s ]
SQL: SELECT `id`,`name` FROM `tp_area` WHERE `type` = 1  [ RunTime:0.0122s ]
INFO: [ app_end ] --START--
INFO: Run Behavior\ShowPageTraceBehavior [ RunTime:0.003342s ]
INFO: [ app_end ] --END-- [ RunTime:0.003631s ]

[ 2017-02-17T14:22:07+08:00 ] 127.0.0.1 /index.php/Home/Area/getProvinces.html
INFO: [ app_begin ] --START--
INFO: Run Behavior\ReadHtmlCacheBehavior [ RunTime:0.002095s ]
INFO: [ app_begin ] --END-- [ RunTime:0.007185s ]
SQL: SHOW COLUMNS FROM `tp_area` [ RunTime:0.0250s ]
SQL: SELECT `id`,`name` FROM `tp_area` WHERE `type` = 1  [ RunTime:0.0105s ]
INFO: [ app_end ] --START--
INFO: Run Behavior\ShowPageTraceBehavior [ RunTime:0.002211s ]
INFO: [ app_end ] --END-- [ RunTime:0.002433s ]

[ 2017-02-17T14:25:51+08:00 ] 127.0.0.1 /index.php/Home/Area/getProvinces.html
INFO: [ app_begin ] --START--
INFO: Run Behavior\ReadHtmlCacheBehavior [ RunTime:0.002344s ]
INFO: [ app_begin ] --END-- [ RunTime:0.004338s ]
SQL: SHOW COLUMNS FROM `tp_area` [ RunTime:0.0259s ]
SQL: SELECT `id`,`name` FROM `tp_area` WHERE `type` = 1  [ RunTime:0.0114s ]
INFO: [ app_end ] --START--
INFO: Run Behavior\ShowPageTraceBehavior [ RunTime:0.001838s ]
INFO: [ app_end ] --END-- [ RunTime:0.002020s ]

[ 2017-02-17T14:27:27+08:00 ] 127.0.0.1 /index.php/Home/Area/getProvinces.html
INFO: [ app_begin ] --START--
INFO: Run Behavior\ReadHtmlCacheBehavior [ RunTime:0.002849s ]
INFO: [ app_begin ] --END-- [ RunTime:0.005424s ]
SQL: SHOW COLUMNS FROM `tp_area` [ RunTime:0.0314s ]
SQL: SELECT `id`,`name` FROM `tp_area` WHERE `type` = 1  [ RunTime:0.0110s ]
INFO: [ app_end ] --START--
INFO: Run Behavior\ShowPageTraceBehavior [ RunTime:0.001756s ]
INFO: [ app_end ] --END-- [ RunTime:0.001966s ]

[ 2017-02-17T14:27:34+08:00 ] 127.0.0.1 /index.php/Home/Social/selectperson/cid/48.html
ERR: ÈùûÊ≥ïÊìç‰Ωú:selectperson

[ 2017-02-17T14:28:08+08:00 ] 127.0.0.1 /index.php/Home/Area/getProvinces.html
INFO: [ app_begin ] --START--
INFO: Run Behavior\ReadHtmlCacheBehavior [ RunTime:0.002048s ]
INFO: [ app_begin ] --END-- [ RunTime:0.003575s ]
SQL: SHOW COLUMNS FROM `tp_area` [ RunTime:0.0206s ]
SQL: SELECT `id`,`name` FROM `tp_area` WHERE `type` = 1  [ RunTime:0.0095s ]
INFO: [ app_end ] --START--
INFO: Run Behavior\ShowPageTraceBehavior [ RunTime:0.001423s ]
INFO: [ app_end ] --END-- [ RunTime:0.001595s ]

[ 2017-02-17T14:28:22+08:00 ] 127.0.0.1 /index.php/Home/Area/getProvinces.html
INFO: [ app_begin ] --START--
INFO: Run Behavior\ReadHtmlCacheBehavior [ RunTime:0.001605s ]
INFO: [ app_begin ] --END-- [ RunTime:0.004771s ]
SQL: SHOW COLUMNS FROM `tp_area` [ RunTime:0.0262s ]
SQL: SELECT `id`,`name` FROM `tp_area` WHERE `type` = 1  [ RunTime:0.0126s ]
INFO: [ app_end ] --START--
INFO: Run Behavior\ShowPageTraceBehavior [ RunTime:0.001777s ]
INFO: [ app_end ] --END-- [ RunTime:0.002015s ]

[ 2017-02-17T14:28:57+08:00 ] 127.0.0.1 /index.php/Home/Area/getProvinces.html
INFO: [ app_begin ] --START--
INFO: Run Behavior\ReadHtmlCacheBehavior [ RunTime:0.002486s ]
INFO: [ app_begin ] --END-- [ RunTime:0.004314s ]
SQL: SHOW COLUMNS FROM `tp_area` [ RunTime:0.0472s ]
SQL: SELECT `id`,`name` FROM `tp_area` WHERE `type` = 1  [ RunTime:0.0142s ]
INFO: [ app_end ] --START--
INFO: Run Behavior\ShowPageTraceBehavior [ RunTime:0.002232s ]
INFO: [ app_end ] --END-- [ RunTime:0.002505s ]

[ 2017-02-17T14:30:02+08:00 ] 127.0.0.1 /index.php/Home/Area/getProvinces.html
INFO: [ app_begin ] --START--
INFO: Run Behavior\ReadHtmlCacheBehavior [ RunTime:0.002180s ]
INFO: [ app_begin ] --END-- [ RunTime:0.003931s ]
SQL: SHOW COLUMNS FROM `tp_area` [ RunTime:0.0343s ]
SQL: SELECT `id`,`name` FROM `tp_area` WHERE `type` = 1  [ RunTime:0.0144s ]
INFO: [ app_end ] --START--
INFO: Run Behavior\ShowPageTraceBehavior [ RunTime:0.002300s ]
INFO: [ app_end ] --END-- [ RunTime:0.002535s ]

[ 2017-02-17T14:30:23+08:00 ] 127.0.0.1 /index.php/Home/Area/getCitys/pid/20
INFO: [ app_begin ] --START--
INFO: Run Behavior\ReadHtmlCacheBehavior [ RunTime:0.005606s ]
INFO: [ app_begin ] --END-- [ RunTime:0.008223s ]
SQL: SHOW COLUMNS FROM `tp_area` [ RunTime:0.0570s ]
SQL: SELECT `id`,`name` FROM `tp_area` WHERE `parent_id` = 20  [ RunTime:0.0126s ]
INFO: [ app_end ] --START--
INFO: Run Behavior\ShowPageTraceBehavior [ RunTime:0.002867s ]
INFO: [ app_end ] --END-- [ RunTime:0.003176s ]

[ 2017-02-17T14:30:25+08:00 ] 127.0.0.1 /index.php/Home/Area/getCountys/xpid/270
INFO: [ app_begin ] --START--
INFO: Run Behavior\ReadHtmlCacheBehavior [ RunTime:0.002634s ]
INFO: [ app_begin ] --END-- [ RunTime:0.004741s ]
SQL: SHOW COLUMNS FROM `tp_area` [ RunTime:0.0442s ]
SQL: SELECT `id`,`name` FROM `tp_area` WHERE `parent_id` = 270  [ RunTime:0.0154s ]
INFO: [ app_end ] --START--
INFO: Run Behavior\ShowPageTraceBehavior [ RunTime:0.003043s ]
INFO: [ app_end ] --END-- [ RunTime:0.003400s ]

[ 2017-02-17T15:40:50+08:00 ] 127.0.0.1 /index.php/Home/Area/getProvinces.html
INFO: [ app_begin ] --START--
INFO: Run Behavior\ReadHtmlCacheBehavior [ RunTime:0.001881s ]
INFO: [ app_begin ] --END-- [ RunTime:0.004112s ]
SQL: SHOW COLUMNS FROM `tp_area` [ RunTime:0.0299s ]
SQL: SELECT `id`,`name` FROM `tp_area` WHERE `type` = 1  [ RunTime:0.0107s ]
INFO: [ app_end ] --START--
INFO: Run Behavior\ShowPageTraceBehavior [ RunTime:0.002088s ]
INFO: [ app_end ] --END-- [ RunTime:0.002316s ]

[ 2017-02-17T15:40:52+08:00 ] 127.0.0.1 /index.php/Home/Area/getCitys/pid/3
INFO: [ app_begin ] --START--
INFO: Run Behavior\ReadHtmlCacheBehavior [ RunTime:0.001299s ]
INFO: [ app_begin ] --END-- [ RunTime:0.002426s ]
SQL: SHOW COLUMNS FROM `tp_area` [ RunTime:0.0276s ]
SQL: SELECT `id`,`name` FROM `tp_area` WHERE `parent_id` = 3  [ RunTime:0.0064s ]
INFO: [ app_end ] --START--
INFO: Run Behavior\ShowPageTraceBehavior [ RunTime:0.001387s ]
INFO: [ app_end ] --END-- [ RunTime:0.001532s ]

[ 2017-02-17T15:40:53+08:00 ] 127.0.0.1 /index.php/Home/Area/getCountys/xpid/40
INFO: [ app_begin ] --START--
INFO: Run Behavior\ReadHtmlCacheBehavior [ RunTime:0.001606s ]
INFO: [ app_begin ] --END-- [ RunTime:0.003137s ]
SQL: SHOW COLUMNS FROM `tp_area` [ RunTime:0.0294s ]
SQL: SELECT `id`,`name` FROM `tp_area` WHERE `parent_id` = 40  [ RunTime:0.0118s ]
INFO: [ app_end ] --START--
INFO: Run Behavior\ShowPageTraceBehavior [ RunTime:0.002168s ]
INFO: [ app_end ] --END-- [ RunTime:0.002406s ]

[ 2017-02-17T16:01:03+08:00 ] 127.0.0.1 /index.php/Home/Service/css/content.css
ERR: ÈùûÊ≥ïÊìç‰Ωú:css

[ 2017-02-17T16:01:03+08:00 ] 127.0.0.1 /index.php/Home/Service/css/base.css
ERR: ÈùûÊ≥ïÊìç‰Ωú:css

[ 2017-02-17T17:01:07+08:00 ] 127.0.0.1 /index.php/Home/Area/getProvinces.html
INFO: [ app_begin ] --START--
INFO: Run Behavior\ReadHtmlCacheBehavior [ RunTime:0.001558s ]
INFO: [ app_begin ] --END-- [ RunTime:0.003046s ]
SQL: SHOW COLUMNS FROM `tp_area` [ RunTime:0.0212s ]
SQL: SELECT `id`,`name` FROM `tp_area` WHERE `type` = 1  [ RunTime:0.0057s ]
INFO: [ app_end ] --START--
INFO: Run Behavior\ShowPageTraceBehavior [ RunTime:0.001307s ]
INFO: [ app_end ] --END-- [ RunTime:0.001468s ]

[ 2017-02-17T17:01:09+08:00 ] 127.0.0.1 /index.php/Home/Area/getCitys/pid/4
INFO: [ app_begin ] --START--
INFO: Run Behavior\ReadHtmlCacheBehavior [ RunTime:0.001577s ]
INFO: [ app_begin ] --END-- [ RunTime:0.003339s ]
SQL: SHOW COLUMNS FROM `tp_area` [ RunTime:0.0197s ]
SQL: SELECT `id`,`name` FROM `tp_area` WHERE `parent_id` = 4  [ RunTime:0.0068s ]
INFO: [ app_end ] --START--
INFO: Run Behavior\ShowPageTraceBehavior [ RunTime:0.000828s ]
INFO: [ app_end ] --END-- [ RunTime:0.000936s ]

[ 2017-02-17T17:01:11+08:00 ] 127.0.0.1 /index.php/Home/Area/getCountys/xpid/54
INFO: [ app_begin ] --START--
INFO: Run Behavior\ReadHtmlCacheBehavior [ RunTime:0.001989s ]
INFO: [ app_begin ] --END-- [ RunTime:0.003782s ]
SQL: SHOW COLUMNS FROM `tp_area` [ RunTime:0.0415s ]
SQL: SELECT `id`,`name` FROM `tp_area` WHERE `parent_id` = 54  [ RunTime:0.0117s ]
INFO: [ app_end ] --START--
INFO: Run Behavior\ShowPageTraceBehavior [ RunTime:0.002277s ]
INFO: [ app_end ] --END-- [ RunTime:0.002750s ]

