[ 2017-01-15T07:16:10+08:00 ] 127.0.0.1 /index.php/Home/Cinfo/css/content.css
ERR: 非法操作:css

[ 2017-01-15T07:16:10+08:00 ] 127.0.0.1 /index.php/Home/Cinfo/css/base.css
ERR: 非法操作:css

[ 2017-01-15T07:16:10+08:00 ] 127.0.0.1 /index.php/Home/Cinfo/css/style.css
ERR: 非法操作:css

[ 2017-01-15T07:16:10+08:00 ] 127.0.0.1 /index.php/Home/Cinfo/css/publi.css
ERR: 非法操作:css

[ 2017-01-15T07:16:10+08:00 ] 127.0.0.1 /index.php/Home/Cinfo/js/script.js
ERR: 非法操作:js

[ 2017-01-15T07:16:10+08:00 ] 127.0.0.1 /index.php/Home/Cinfo/js/jquery1.8.3.min.js
ERR: 非法操作:js

[ 2017-01-15T07:16:10+08:00 ] 127.0.0.1 /index.php/Home/Cinfo/js/script.js
ERR: 非法操作:js

[ 2017-01-15T08:39:23+08:00 ] 127.0.0.1 /index.php/Home/Cinfo/editperson.html
ERR: 1048:Column 'cid' cannot be null
 [ SQL语句 ] : INSERT INTO `tp_idpicture` (`cid`,`pic`,`small_pics`) VALUES (NULL,'./Public/Upload/2017-01-15/587ac4bb2fca1.jpg','./Public/Upload/2017-01-15/s_587ac4bb2fca1.jpg')

[ 2017-01-15T08:43:03+08:00 ] 127.0.0.1 /index.php/Home/Cinfo/editperson.html
ERR: 1048:Column 'cid' cannot be null
 [ SQL语句 ] : INSERT INTO `tp_idpicture` (`cid`,`pic`,`small_pics`) VALUES (NULL,'./Public/Upload/2017-01-15/587ac597141ee.jpg','./Public/Upload/2017-01-15/s_587ac597141ee.jpg')

[ 2017-01-15T13:28:59+08:00 ] 127.0.0.1 /index.php/Home/Area/getProvinces.html
INFO: [ app_begin ] --START--
INFO: Run Behavior\ReadHtmlCacheBehavior [ RunTime:0.001693s ]
INFO: [ app_begin ] --END-- [ RunTime:0.002929s ]
SQL: SHOW COLUMNS FROM `tp_area` [ RunTime:0.1704s ]
SQL: SELECT `id`,`name` FROM `tp_area` WHERE `type` = 1  [ RunTime:0.0799s ]

[ 2017-01-15T13:37:11+08:00 ] 127.0.0.1 /index.php/Home/Area/getProvinces.html
INFO: [ app_begin ] --START--
INFO: Run Behavior\ReadHtmlCacheBehavior [ RunTime:0.002633s ]
INFO: [ app_begin ] --END-- [ RunTime:0.004224s ]
SQL: SHOW COLUMNS FROM `tp_area` [ RunTime:0.0222s ]
SQL: SELECT `id`,`name` FROM `tp_area` WHERE `type` = 1  [ RunTime:0.0072s ]
INFO: [ app_end ] --START--
INFO: Run Behavior\ShowPageTraceBehavior [ RunTime:0.002586s ]
INFO: [ app_end ] --END-- [ RunTime:0.002845s ]

[ 2017-01-15T13:38:30+08:00 ] 127.0.0.1 /index.php/Home/Area/getProvinces.html
INFO: [ app_begin ] --START--
INFO: Run Behavior\ReadHtmlCacheBehavior [ RunTime:0.002116s ]
INFO: [ app_begin ] --END-- [ RunTime:0.003672s ]
SQL: SHOW COLUMNS FROM `tp_area` [ RunTime:0.0249s ]
SQL: SELECT `id`,`name` FROM `tp_area` WHERE `type` = 1  [ RunTime:0.0118s ]
INFO: [ app_end ] --START--
INFO: Run Behavior\ShowPageTraceBehavior [ RunTime:0.001346s ]
INFO: [ app_end ] --END-- [ RunTime:0.001513s ]

[ 2017-01-15T13:39:01+08:00 ] 127.0.0.1 /index.php/Home/Area/getProvinces.html
INFO: [ app_begin ] --START--
INFO: Run Behavior\ReadHtmlCacheBehavior [ RunTime:0.002264s ]
INFO: [ app_begin ] --END-- [ RunTime:0.003811s ]
SQL: SHOW COLUMNS FROM `tp_area` [ RunTime:0.0328s ]
SQL: SELECT `id`,`name` FROM `tp_area` WHERE `type` = 1  [ RunTime:0.0180s ]
INFO: [ app_end ] --START--
INFO: Run Behavior\ShowPageTraceBehavior [ RunTime:0.002238s ]
INFO: [ app_end ] --END-- [ RunTime:0.002482s ]

[ 2017-01-15T13:42:25+08:00 ] 127.0.0.1 /index.php/Home/Area/getProvinces.html
INFO: [ app_begin ] --START--
INFO: Run Behavior\ReadHtmlCacheBehavior [ RunTime:0.001602s ]
INFO: [ app_begin ] --END-- [ RunTime:0.003083s ]
SQL: SHOW COLUMNS FROM `tp_area` [ RunTime:0.0303s ]
SQL: SELECT `id`,`name` FROM `tp_area` WHERE `type` = 1  [ RunTime:0.0107s ]
INFO: [ app_end ] --START--
INFO: Run Behavior\ShowPageTraceBehavior [ RunTime:0.001880s ]
INFO: [ app_end ] --END-- [ RunTime:0.002106s ]

[ 2017-01-15T13:43:35+08:00 ] 127.0.0.1 /index.php/Home/Area/getProvinces.html
INFO: [ app_begin ] --START--
INFO: Run Behavior\ReadHtmlCacheBehavior [ RunTime:0.001587s ]
INFO: [ app_begin ] --END-- [ RunTime:0.003084s ]
SQL: SHOW COLUMNS FROM `tp_area` [ RunTime:0.0323s ]
SQL: SELECT `id`,`name` FROM `tp_area` WHERE `type` = 1  [ RunTime:0.0125s ]
INFO: [ app_end ] --START--
INFO: Run Behavior\ShowPageTraceBehavior [ RunTime:0.001703s ]
INFO: [ app_end ] --END-- [ RunTime:0.001954s ]

[ 2017-01-15T13:44:52+08:00 ] 127.0.0.1 /index.php/Home/Area/getProvinces.html
INFO: [ app_begin ] --START--
INFO: Run Behavior\ReadHtmlCacheBehavior [ RunTime:0.002588s ]
INFO: [ app_begin ] --END-- [ RunTime:0.004398s ]
SQL: SHOW COLUMNS FROM `tp_area` [ RunTime:0.0272s ]
SQL: SELECT `id`,`name` FROM `tp_area` WHERE `type` = 1  [ RunTime:0.0124s ]
INFO: [ app_end ] --START--
INFO: Run Behavior\ShowPageTraceBehavior [ RunTime:0.001952s ]
INFO: [ app_end ] --END-- [ RunTime:0.002213s ]

[ 2017-01-15T13:46:24+08:00 ] 127.0.0.1 /index.php/Home/Area/getProvinces.html
INFO: [ app_begin ] --START--
INFO: Run Behavior\ReadHtmlCacheBehavior [ RunTime:0.001994s ]
INFO: [ app_begin ] --END-- [ RunTime:0.003203s ]
SQL: SHOW COLUMNS FROM `tp_area` [ RunTime:0.0240s ]
SQL: SELECT `id`,`name` FROM `tp_area` WHERE `type` = 1  [ RunTime:0.0093s ]
INFO: [ app_end ] --START--
INFO: Run Behavior\ShowPageTraceBehavior [ RunTime:0.002207s ]
INFO: [ app_end ] --END-- [ RunTime:0.002420s ]

[ 2017-01-15T13:47:02+08:00 ] 127.0.0.1 /index.php/Home/Area/getProvinces.html
INFO: [ app_begin ] --START--
INFO: Run Behavior\ReadHtmlCacheBehavior [ RunTime:0.001748s ]
INFO: [ app_begin ] --END-- [ RunTime:0.002962s ]
SQL: SHOW COLUMNS FROM `tp_area` [ RunTime:0.0394s ]
SQL: SELECT `id`,`name` FROM `tp_area` WHERE `type` = 1  [ RunTime:0.0172s ]
INFO: [ app_end ] --START--
INFO: Run Behavior\ShowPageTraceBehavior [ RunTime:0.002769s ]
INFO: [ app_end ] --END-- [ RunTime:0.003057s ]

[ 2017-01-15T13:48:13+08:00 ] 127.0.0.1 /index.php/Home/Area/getProvinces.html
INFO: [ app_begin ] --START--
INFO: Run Behavior\ReadHtmlCacheBehavior [ RunTime:0.002248s ]
INFO: [ app_begin ] --END-- [ RunTime:0.003784s ]
SQL: SHOW COLUMNS FROM `tp_area` [ RunTime:0.0327s ]
SQL: SELECT `id`,`name` FROM `tp_area` WHERE `type` = 1  [ RunTime:0.0164s ]
INFO: [ app_end ] --START--
INFO: Run Behavior\ShowPageTraceBehavior [ RunTime:0.002479s ]
INFO: [ app_end ] --END-- [ RunTime:0.002741s ]

[ 2017-01-15T13:53:20+08:00 ] 127.0.0.1 /index.php/Home/Area/getProvinces.html
INFO: [ app_begin ] --START--
INFO: Run Behavior\ReadHtmlCacheBehavior [ RunTime:0.002333s ]
INFO: [ app_begin ] --END-- [ RunTime:0.003966s ]
SQL: SHOW COLUMNS FROM `tp_area` [ RunTime:0.0277s ]
SQL: SELECT `id`,`name` FROM `tp_area` WHERE `type` = 1  [ RunTime:0.0079s ]
INFO: [ app_end ] --START--
INFO: Run Behavior\ShowPageTraceBehavior [ RunTime:0.002369s ]
INFO: [ app_end ] --END-- [ RunTime:0.002639s ]

[ 2017-01-15T13:55:27+08:00 ] 127.0.0.1 /index.php/Home/Area/getProvinces.html
INFO: [ app_begin ] --START--
INFO: Run Behavior\ReadHtmlCacheBehavior [ RunTime:0.002988s ]
INFO: [ app_begin ] --END-- [ RunTime:0.006709s ]
SQL: SHOW COLUMNS FROM `tp_area` [ RunTime:0.0303s ]
SQL: SELECT `id`,`name` FROM `tp_area` WHERE `type` = 1  [ RunTime:0.0126s ]
INFO: [ app_end ] --START--
INFO: Run Behavior\ShowPageTraceBehavior [ RunTime:0.002519s ]
INFO: [ app_end ] --END-- [ RunTime:0.002883s ]

[ 2017-01-15T13:56:34+08:00 ] 127.0.0.1 /index.php/Home/Area/getProvinces.html
INFO: [ app_begin ] --START--
INFO: Run Behavior\ReadHtmlCacheBehavior [ RunTime:0.002738s ]
INFO: [ app_begin ] --END-- [ RunTime:0.005891s ]
SQL: SHOW COLUMNS FROM `tp_area` [ RunTime:0.0264s ]
SQL: SELECT `id`,`name` FROM `tp_area` WHERE `type` = 1  [ RunTime:0.0091s ]
INFO: [ app_end ] --START--
INFO: Run Behavior\ShowPageTraceBehavior [ RunTime:0.002519s ]
INFO: [ app_end ] --END-- [ RunTime:0.002806s ]

[ 2017-01-15T13:59:43+08:00 ] 127.0.0.1 /index.php/Home/Area/getProvinces.html
INFO: [ app_begin ] --START--
INFO: Run Behavior\ReadHtmlCacheBehavior [ RunTime:0.001464s ]
INFO: [ app_begin ] --END-- [ RunTime:0.002500s ]
SQL: SHOW COLUMNS FROM `tp_area` [ RunTime:0.0364s ]
SQL: SELECT `id`,`name` FROM `tp_area` WHERE `type` = 1  [ RunTime:0.0124s ]
INFO: [ app_end ] --START--
INFO: Run Behavior\ShowPageTraceBehavior [ RunTime:0.002175s ]
INFO: [ app_end ] --END-- [ RunTime:0.002459s ]

[ 2017-01-15T13:59:46+08:00 ] 127.0.0.1 /index.php/Home/Area/getProvinces.html
INFO: [ app_begin ] --START--
INFO: Run Behavior\ReadHtmlCacheBehavior [ RunTime:0.002365s ]
INFO: [ app_begin ] --END-- [ RunTime:0.004158s ]
SQL: SHOW COLUMNS FROM `tp_area` [ RunTime:0.0328s ]
SQL: SELECT `id`,`name` FROM `tp_area` WHERE `type` = 1  [ RunTime:0.0227s ]
INFO: [ app_end ] --START--
INFO: Run Behavior\ShowPageTraceBehavior [ RunTime:0.003461s ]
INFO: [ app_end ] --END-- [ RunTime:0.003832s ]

[ 2017-01-15T13:59:49+08:00 ] 127.0.0.1 /index.php/Home/Area/getProvinces.html
INFO: [ app_begin ] --START--
INFO: Run Behavior\ReadHtmlCacheBehavior [ RunTime:0.001692s ]
INFO: [ app_begin ] --END-- [ RunTime:0.002777s ]
SQL: SHOW COLUMNS FROM `tp_area` [ RunTime:0.0245s ]
SQL: SELECT `id`,`name` FROM `tp_area` WHERE `type` = 1  [ RunTime:0.0127s ]
INFO: [ app_end ] --START--
INFO: Run Behavior\ShowPageTraceBehavior [ RunTime:0.001650s ]
INFO: [ app_end ] --END-- [ RunTime:0.001840s ]

[ 2017-01-15T14:46:01+08:00 ] 127.0.0.1 /index.php/Home/Area/getProvinces.html
INFO: [ app_begin ] --START--
INFO: Run Behavior\ReadHtmlCacheBehavior [ RunTime:0.000534s ]
INFO: [ app_begin ] --END-- [ RunTime:0.000916s ]
SQL: SHOW COLUMNS FROM `tp_area` [ RunTime:0.0076s ]
SQL: SELECT `id`,`name` FROM `tp_area` WHERE `type` = 1  [ RunTime:0.0042s ]
INFO: [ app_end ] --START--
INFO: Run Behavior\ShowPageTraceBehavior [ RunTime:0.000670s ]
INFO: [ app_end ] --END-- [ RunTime:0.000745s ]

[ 2017-01-15T14:48:57+08:00 ] 127.0.0.1 /index.php/Home/Area/getProvinces.html
INFO: [ app_begin ] --START--
INFO: Run Behavior\ReadHtmlCacheBehavior [ RunTime:0.002233s ]
INFO: [ app_begin ] --END-- [ RunTime:0.004462s ]
SQL: SHOW COLUMNS FROM `tp_area` [ RunTime:0.0248s ]
SQL: SELECT `id`,`name` FROM `tp_area` WHERE `type` = 1  [ RunTime:0.0125s ]
INFO: [ app_end ] --START--
INFO: Run Behavior\ShowPageTraceBehavior [ RunTime:0.002360s ]
INFO: [ app_end ] --END-- [ RunTime:0.002623s ]

[ 2017-01-15T14:52:18+08:00 ] 127.0.0.1 /index.php/Home/Area/getProvinces.html
INFO: [ app_begin ] --START--
INFO: Run Behavior\ReadHtmlCacheBehavior [ RunTime:0.001957s ]
INFO: [ app_begin ] --END-- [ RunTime:0.003440s ]
SQL: SHOW COLUMNS FROM `tp_area` [ RunTime:0.0224s ]
SQL: SELECT `id`,`name` FROM `tp_area` WHERE `type` = 1  [ RunTime:0.0082s ]
INFO: [ app_end ] --START--
INFO: Run Behavior\ShowPageTraceBehavior [ RunTime:0.002948s ]
INFO: [ app_end ] --END-- [ RunTime:0.003221s ]

[ 2017-01-15T14:52:23+08:00 ] 127.0.0.1 /index.php/Home/Area/getProvinces.html
INFO: [ app_begin ] --START--
INFO: Run Behavior\ReadHtmlCacheBehavior [ RunTime:0.001744s ]
INFO: [ app_begin ] --END-- [ RunTime:0.002784s ]
SQL: SHOW COLUMNS FROM `tp_area` [ RunTime:0.0261s ]
SQL: SELECT `id`,`name` FROM `tp_area` WHERE `type` = 1  [ RunTime:0.0114s ]
INFO: [ app_end ] --START--
INFO: Run Behavior\ShowPageTraceBehavior [ RunTime:0.002737s ]
INFO: [ app_end ] --END-- [ RunTime:0.003052s ]

[ 2017-01-15T14:54:25+08:00 ] 127.0.0.1 /index.php/Home/Area/getProvinces.html
INFO: [ app_begin ] --START--
INFO: Run Behavior\ReadHtmlCacheBehavior [ RunTime:0.002634s ]
INFO: [ app_begin ] --END-- [ RunTime:0.004429s ]
SQL: SHOW COLUMNS FROM `tp_area` [ RunTime:0.0266s ]
SQL: SELECT `id`,`name` FROM `tp_area` WHERE `type` = 1  [ RunTime:0.0121s ]
INFO: [ app_end ] --START--
INFO: Run Behavior\ShowPageTraceBehavior [ RunTime:0.002162s ]
INFO: [ app_end ] --END-- [ RunTime:0.002420s ]

[ 2017-01-15T14:54:30+08:00 ] 127.0.0.1 /index.php/Home/Area/getProvinces.html
INFO: [ app_begin ] --START--
INFO: Run Behavior\ReadHtmlCacheBehavior [ RunTime:0.002343s ]
INFO: [ app_begin ] --END-- [ RunTime:0.003900s ]
SQL: SHOW COLUMNS FROM `tp_area` [ RunTime:0.0331s ]
SQL: SELECT `id`,`name` FROM `tp_area` WHERE `type` = 1  [ RunTime:0.0120s ]
INFO: [ app_end ] --START--
INFO: Run Behavior\ShowPageTraceBehavior [ RunTime:0.002249s ]
INFO: [ app_end ] --END-- [ RunTime:0.002532s ]

[ 2017-01-15T15:58:48+08:00 ] 127.0.0.1 /index.php/Home/Area/getProvinces.html
INFO: [ app_begin ] --START--
INFO: Run Behavior\ReadHtmlCacheBehavior [ RunTime:0.001525s ]
INFO: [ app_begin ] --END-- [ RunTime:0.002692s ]
SQL: SHOW COLUMNS FROM `tp_area` [ RunTime:0.0207s ]
SQL: SELECT `id`,`name` FROM `tp_area` WHERE `type` = 1  [ RunTime:0.0093s ]
INFO: [ app_end ] --START--
INFO: Run Behavior\ShowPageTraceBehavior [ RunTime:0.001639s ]
INFO: [ app_end ] --END-- [ RunTime:0.001895s ]

[ 2017-01-15T15:58:53+08:00 ] 127.0.0.1 /index.php/Home/Area/getProvinces.html
INFO: [ app_begin ] --START--
INFO: Run Behavior\ReadHtmlCacheBehavior [ RunTime:0.002683s ]
INFO: [ app_begin ] --END-- [ RunTime:0.004647s ]
SQL: SHOW COLUMNS FROM `tp_area` [ RunTime:0.0266s ]
SQL: SELECT `id`,`name` FROM `tp_area` WHERE `type` = 1  [ RunTime:0.0152s ]
INFO: [ app_end ] --START--
INFO: Run Behavior\ShowPageTraceBehavior [ RunTime:0.002194s ]
INFO: [ app_end ] --END-- [ RunTime:0.002517s ]

[ 2017-01-15T16:01:34+08:00 ] 127.0.0.1 /index.php/Home/Area/getProvinces.html
INFO: [ app_begin ] --START--
INFO: Run Behavior\ReadHtmlCacheBehavior [ RunTime:0.001615s ]
INFO: [ app_begin ] --END-- [ RunTime:0.002921s ]
SQL: SHOW COLUMNS FROM `tp_area` [ RunTime:0.0287s ]
SQL: SELECT `id`,`name` FROM `tp_area` WHERE `type` = 1  [ RunTime:0.0077s ]
INFO: [ app_end ] --START--
INFO: Run Behavior\ShowPageTraceBehavior [ RunTime:0.002041s ]
INFO: [ app_end ] --END-- [ RunTime:0.002329s ]

[ 2017-01-15T16:02:36+08:00 ] 127.0.0.1 /index.php/Home/Area/getProvinces.html
INFO: [ app_begin ] --START--
INFO: Run Behavior\ReadHtmlCacheBehavior [ RunTime:0.003450s ]
INFO: [ app_begin ] --END-- [ RunTime:0.005830s ]
SQL: SHOW COLUMNS FROM `tp_area` [ RunTime:0.0190s ]
SQL: SELECT `id`,`name` FROM `tp_area` WHERE `type` = 1  [ RunTime:0.0096s ]
INFO: [ app_end ] --START--
INFO: Run Behavior\ShowPageTraceBehavior [ RunTime:0.001673s ]
INFO: [ app_end ] --END-- [ RunTime:0.001841s ]

[ 2017-01-15T16:03:56+08:00 ] 127.0.0.1 /index.php/Home/Area/getProvinces.html
INFO: [ app_begin ] --START--
INFO: Run Behavior\ReadHtmlCacheBehavior [ RunTime:0.006291s ]
INFO: [ app_begin ] --END-- [ RunTime:0.008291s ]
SQL: SHOW COLUMNS FROM `tp_area` [ RunTime:0.1653s ]
SQL: SELECT `id`,`name` FROM `tp_area` WHERE `type` = 1  [ RunTime:0.0128s ]
INFO: [ app_end ] --START--
INFO: Run Behavior\ShowPageTraceBehavior [ RunTime:0.003885s ]
INFO: [ app_end ] --END-- [ RunTime:0.004193s ]

[ 2017-01-15T16:04:29+08:00 ] 127.0.0.1 /index.php/Home/Area/getProvinces.html
INFO: [ app_begin ] --START--
INFO: Run Behavior\ReadHtmlCacheBehavior [ RunTime:0.002409s ]
INFO: [ app_begin ] --END-- [ RunTime:0.004295s ]
SQL: SHOW COLUMNS FROM `tp_area` [ RunTime:0.0275s ]
SQL: SELECT `id`,`name` FROM `tp_area` WHERE `type` = 1  [ RunTime:0.0109s ]
INFO: [ app_end ] --START--
INFO: Run Behavior\ShowPageTraceBehavior [ RunTime:0.003445s ]
INFO: [ app_end ] --END-- [ RunTime:0.003941s ]

[ 2017-01-15T16:14:03+08:00 ] 127.0.0.1 /index.php/Home/Area/getProvinces.html
INFO: [ app_begin ] --START--
INFO: Run Behavior\ReadHtmlCacheBehavior [ RunTime:0.005576s ]
INFO: [ app_begin ] --END-- [ RunTime:0.007992s ]
SQL: SHOW COLUMNS FROM `tp_area` [ RunTime:0.0230s ]
SQL: SELECT `id`,`name` FROM `tp_area` WHERE `type` = 1  [ RunTime:0.0074s ]
INFO: [ app_end ] --START--
INFO: Run Behavior\ShowPageTraceBehavior [ RunTime:0.002534s ]
INFO: [ app_end ] --END-- [ RunTime:0.002777s ]

[ 2017-01-15T16:14:12+08:00 ] 127.0.0.1 /index.php/Home/Cinfo/getCitys/pid/%2BcityId%2B.html
INFO: [ app_begin ] --START--
INFO: Run Behavior\ReadHtmlCacheBehavior [ RunTime:0.002210s ]
INFO: [ app_begin ] --END-- [ RunTime:0.003580s ]
ERR: 非法操作:getCitys

[ 2017-01-15T16:14:56+08:00 ] 127.0.0.1 /index.php/Home/Area/getProvinces.html
INFO: [ app_begin ] --START--
INFO: Run Behavior\ReadHtmlCacheBehavior [ RunTime:0.001614s ]
INFO: [ app_begin ] --END-- [ RunTime:0.002772s ]
SQL: SHOW COLUMNS FROM `tp_area` [ RunTime:0.0230s ]
SQL: SELECT `id`,`name` FROM `tp_area` WHERE `type` = 1  [ RunTime:0.0092s ]
INFO: [ app_end ] --START--
INFO: Run Behavior\ShowPageTraceBehavior [ RunTime:0.002041s ]
INFO: [ app_end ] --END-- [ RunTime:0.002277s ]

[ 2017-01-15T16:15:02+08:00 ] 127.0.0.1 /index.php/Home/Cinfo/getCitys/pid/%2BcityId%2B.html
INFO: [ app_begin ] --START--
INFO: Run Behavior\ReadHtmlCacheBehavior [ RunTime:0.004743s ]
INFO: [ app_begin ] --END-- [ RunTime:0.007026s ]
ERR: 非法操作:getCitys

[ 2017-01-15T16:16:34+08:00 ] 127.0.0.1 /index.php/Home/Area/getProvinces.html
INFO: [ app_begin ] --START--
INFO: Run Behavior\ReadHtmlCacheBehavior [ RunTime:0.002220s ]
INFO: [ app_begin ] --END-- [ RunTime:0.003634s ]
SQL: SHOW COLUMNS FROM `tp_area` [ RunTime:0.0230s ]
SQL: SELECT `id`,`name` FROM `tp_area` WHERE `type` = 1  [ RunTime:0.0098s ]
INFO: [ app_end ] --START--
INFO: Run Behavior\ShowPageTraceBehavior [ RunTime:0.002564s ]
INFO: [ app_end ] --END-- [ RunTime:0.002749s ]

[ 2017-01-15T16:16:59+08:00 ] 127.0.0.1 /index.php/Home/Area/getProvinces.html
INFO: [ app_begin ] --START--
INFO: Run Behavior\ReadHtmlCacheBehavior [ RunTime:0.001251s ]
INFO: [ app_begin ] --END-- [ RunTime:0.002154s ]
SQL: SHOW COLUMNS FROM `tp_area` [ RunTime:0.0215s ]
SQL: SELECT `id`,`name` FROM `tp_area` WHERE `type` = 1  [ RunTime:0.0102s ]
INFO: [ app_end ] --START--
INFO: Run Behavior\ShowPageTraceBehavior [ RunTime:0.001668s ]
INFO: [ app_end ] --END-- [ RunTime:0.001901s ]

[ 2017-01-15T16:17:07+08:00 ] 127.0.0.1 /index.php/Home/Cinfo/getCitys/pid/%2BcityId%2B.html
INFO: [ app_begin ] --START--
INFO: Run Behavior\ReadHtmlCacheBehavior [ RunTime:0.002442s ]
INFO: [ app_begin ] --END-- [ RunTime:0.004188s ]
ERR: 非法操作:getCitys

[ 2017-01-15T16:17:36+08:00 ] 127.0.0.1 /index.php/Home/Area/getProvinces.html
INFO: [ app_begin ] --START--
INFO: Run Behavior\ReadHtmlCacheBehavior [ RunTime:0.003779s ]
INFO: [ app_begin ] --END-- [ RunTime:0.005581s ]
SQL: SHOW COLUMNS FROM `tp_area` [ RunTime:0.0179s ]
SQL: SELECT `id`,`name` FROM `tp_area` WHERE `type` = 1  [ RunTime:0.0077s ]
INFO: [ app_end ] --START--
INFO: Run Behavior\ShowPageTraceBehavior [ RunTime:0.001553s ]
INFO: [ app_end ] --END-- [ RunTime:0.001662s ]

[ 2017-01-15T16:17:45+08:00 ] 127.0.0.1 /index.php/Home/Cinfo/getCitys/pid/%2BcityId%2B.html
INFO: [ app_begin ] --START--
INFO: Run Behavior\ReadHtmlCacheBehavior [ RunTime:0.003014s ]
INFO: [ app_begin ] --END-- [ RunTime:0.005683s ]
ERR: 非法操作:getCitys

[ 2017-01-15T16:18:06+08:00 ] 127.0.0.1 /index.php/Home/Area/getProvinces.html
INFO: [ app_begin ] --START--
INFO: Run Behavior\ReadHtmlCacheBehavior [ RunTime:0.003529s ]
INFO: [ app_begin ] --END-- [ RunTime:0.005423s ]
SQL: SHOW COLUMNS FROM `tp_area` [ RunTime:0.0234s ]
SQL: SELECT `id`,`name` FROM `tp_area` WHERE `type` = 1  [ RunTime:0.0115s ]
INFO: [ app_end ] --START--
INFO: Run Behavior\ShowPageTraceBehavior [ RunTime:0.003925s ]
INFO: [ app_end ] --END-- [ RunTime:0.004255s ]

[ 2017-01-15T16:18:15+08:00 ] 127.0.0.1 /index.php/Home/Cinfo/getCitys/pid/%2BcityId%2B.html
INFO: [ app_begin ] --START--
INFO: Run Behavior\ReadHtmlCacheBehavior [ RunTime:0.001961s ]
INFO: [ app_begin ] --END-- [ RunTime:0.003714s ]
ERR: 非法操作:getCitys

[ 2017-01-15T16:20:05+08:00 ] 127.0.0.1 /index.php/Home/Area/getProvinces.html
INFO: [ app_begin ] --START--
INFO: Run Behavior\ReadHtmlCacheBehavior [ RunTime:0.003628s ]
INFO: [ app_begin ] --END-- [ RunTime:0.005408s ]
SQL: SHOW COLUMNS FROM `tp_area` [ RunTime:0.0255s ]
SQL: SELECT `id`,`name` FROM `tp_area` WHERE `type` = 1  [ RunTime:0.0132s ]
INFO: [ app_end ] --START--
INFO: Run Behavior\ShowPageTraceBehavior [ RunTime:0.003345s ]
INFO: [ app_end ] --END-- [ RunTime:0.003790s ]

[ 2017-01-15T16:20:16+08:00 ] 127.0.0.1 /index.php/Home/Cinfo/getCitys/pid/%2BcityId%2B.html
INFO: [ app_begin ] --START--
INFO: Run Behavior\ReadHtmlCacheBehavior [ RunTime:0.005420s ]
INFO: [ app_begin ] --END-- [ RunTime:0.008196s ]
ERR: 非法操作:getCitys

[ 2017-01-15T16:22:24+08:00 ] 127.0.0.1 /index.php/Home/Area/getProvinces.html
INFO: [ app_begin ] --START--
INFO: Run Behavior\ReadHtmlCacheBehavior [ RunTime:0.003802s ]
INFO: [ app_begin ] --END-- [ RunTime:0.005867s ]
SQL: SHOW COLUMNS FROM `tp_area` [ RunTime:0.0256s ]
SQL: SELECT `id`,`name` FROM `tp_area` WHERE `type` = 1  [ RunTime:0.0088s ]
INFO: [ app_end ] --START--
INFO: Run Behavior\ShowPageTraceBehavior [ RunTime:0.003113s ]
INFO: [ app_end ] --END-- [ RunTime:0.003292s ]

[ 2017-01-15T16:22:29+08:00 ] 127.0.0.1 /index.php/Home/Cinfo/getCitys/pid/%2BcityId%2B.html
INFO: [ app_begin ] --START--
INFO: Run Behavior\ReadHtmlCacheBehavior [ RunTime:0.003550s ]
INFO: [ app_begin ] --END-- [ RunTime:0.005003s ]
ERR: 非法操作:getCitys

[ 2017-01-15T16:22:39+08:00 ] 127.0.0.1 /index.php/Home/Cinfo/getCitys/pid/%2BcityId%2B.html
INFO: [ app_begin ] --START--
INFO: Run Behavior\ReadHtmlCacheBehavior [ RunTime:0.003655s ]
INFO: [ app_begin ] --END-- [ RunTime:0.005402s ]
ERR: 非法操作:getCitys

[ 2017-01-15T16:23:08+08:00 ] 127.0.0.1 /index.php/Home/Area/getProvinces.html
INFO: [ app_begin ] --START--
INFO: Run Behavior\ReadHtmlCacheBehavior [ RunTime:0.003253s ]
INFO: [ app_begin ] --END-- [ RunTime:0.006303s ]
SQL: SHOW COLUMNS FROM `tp_area` [ RunTime:0.0174s ]
SQL: SELECT `id`,`name` FROM `tp_area` WHERE `type` = 1  [ RunTime:0.0068s ]
INFO: [ app_end ] --START--
INFO: Run Behavior\ShowPageTraceBehavior [ RunTime:0.001744s ]
INFO: [ app_end ] --END-- [ RunTime:0.001966s ]

[ 2017-01-15T16:23:13+08:00 ] 127.0.0.1 /index.php/Home/Area/getCitys/pid/%2BcityId%2B.html
INFO: [ app_begin ] --START--
INFO: Run Behavior\ReadHtmlCacheBehavior [ RunTime:0.002456s ]
INFO: [ app_begin ] --END-- [ RunTime:0.003827s ]
SQL: SHOW COLUMNS FROM `tp_area` [ RunTime:0.0215s ]
SQL: SELECT `id`,`name` FROM `tp_area` WHERE `parent_id` = 0  [ RunTime:0.0089s ]
INFO: [ app_end ] --START--
INFO: Run Behavior\ShowPageTraceBehavior [ RunTime:0.002262s ]
INFO: [ app_end ] --END-- [ RunTime:0.002466s ]

[ 2017-01-15T16:23:38+08:00 ] 127.0.0.1 /index.php/Home/Area/getProvinces.html
INFO: [ app_begin ] --START--
INFO: Run Behavior\ReadHtmlCacheBehavior [ RunTime:0.003841s ]
INFO: [ app_begin ] --END-- [ RunTime:0.005560s ]
SQL: SHOW COLUMNS FROM `tp_area` [ RunTime:0.0147s ]
SQL: SELECT `id`,`name` FROM `tp_area` WHERE `type` = 1  [ RunTime:0.0119s ]
INFO: [ app_end ] --START--
INFO: Run Behavior\ShowPageTraceBehavior [ RunTime:0.003322s ]
INFO: [ app_end ] --END-- [ RunTime:0.003623s ]

[ 2017-01-15T16:23:45+08:00 ] 127.0.0.1 /index.php/Home/Area/getCitys/pid/%2BcityId%2B.html
INFO: [ app_begin ] --START--
INFO: Run Behavior\ReadHtmlCacheBehavior [ RunTime:0.003963s ]
INFO: [ app_begin ] --END-- [ RunTime:0.006144s ]
SQL: SHOW COLUMNS FROM `tp_area` [ RunTime:0.0226s ]
SQL: SELECT `id`,`name` FROM `tp_area` WHERE `parent_id` = 0  [ RunTime:0.0099s ]
INFO: [ app_end ] --START--
INFO: Run Behavior\ShowPageTraceBehavior [ RunTime:0.002577s ]
INFO: [ app_end ] --END-- [ RunTime:0.002790s ]

[ 2017-01-15T16:23:53+08:00 ] 127.0.0.1 /index.php/Home/Area/getCitys/pid/%2BcityId%2B.html
INFO: [ app_begin ] --START--
INFO: Run Behavior\ReadHtmlCacheBehavior [ RunTime:0.002029s ]
INFO: [ app_begin ] --END-- [ RunTime:0.003466s ]
SQL: SHOW COLUMNS FROM `tp_area` [ RunTime:0.0236s ]
SQL: SELECT `id`,`name` FROM `tp_area` WHERE `parent_id` = 0  [ RunTime:0.0074s ]
INFO: [ app_end ] --START--
INFO: Run Behavior\ShowPageTraceBehavior [ RunTime:0.001897s ]
INFO: [ app_end ] --END-- [ RunTime:0.002085s ]

[ 2017-01-15T16:24:29+08:00 ] 127.0.0.1 /index.php/Home/Area/getProvinces.html
INFO: [ app_begin ] --START--
INFO: Run Behavior\ReadHtmlCacheBehavior [ RunTime:0.001376s ]
INFO: [ app_begin ] --END-- [ RunTime:0.002334s ]
SQL: SHOW COLUMNS FROM `tp_area` [ RunTime:0.0207s ]
SQL: SELECT `id`,`name` FROM `tp_area` WHERE `type` = 1  [ RunTime:0.0109s ]
INFO: [ app_end ] --START--
INFO: Run Behavior\ShowPageTraceBehavior [ RunTime:0.001715s ]
INFO: [ app_end ] --END-- [ RunTime:0.001915s ]

[ 2017-01-15T16:24:38+08:00 ] 127.0.0.1 /index.php/Home/Area/getCitys/pid/%2BcityId%2B.html
INFO: [ app_begin ] --START--
INFO: Run Behavior\ReadHtmlCacheBehavior [ RunTime:0.005843s ]
INFO: [ app_begin ] --END-- [ RunTime:0.008330s ]

[ 2017-01-15T16:26:30+08:00 ] 127.0.0.1 /index.php/Home/Area/getProvinces.html
INFO: [ app_begin ] --START--
INFO: Run Behavior\ReadHtmlCacheBehavior [ RunTime:0.003275s ]
INFO: [ app_begin ] --END-- [ RunTime:0.005766s ]
SQL: SHOW COLUMNS FROM `tp_area` [ RunTime:0.0302s ]
SQL: SELECT `id`,`name` FROM `tp_area` WHERE `type` = 1  [ RunTime:0.0115s ]
INFO: [ app_end ] --START--
INFO: Run Behavior\ShowPageTraceBehavior [ RunTime:0.003625s ]
INFO: [ app_end ] --END-- [ RunTime:0.003867s ]

[ 2017-01-15T16:26:37+08:00 ] 127.0.0.1 /index.php/Home/Area/getCitys/pid/22
INFO: [ app_begin ] --START--
INFO: Run Behavior\ReadHtmlCacheBehavior [ RunTime:0.003202s ]
INFO: [ app_begin ] --END-- [ RunTime:0.004669s ]

[ 2017-01-15T16:27:03+08:00 ] 127.0.0.1 /index.php/Home/Area/getProvinces.html
INFO: [ app_begin ] --START--
INFO: Run Behavior\ReadHtmlCacheBehavior [ RunTime:0.002847s ]
INFO: [ app_begin ] --END-- [ RunTime:0.010021s ]
SQL: SHOW COLUMNS FROM `tp_area` [ RunTime:0.0230s ]
SQL: SELECT `id`,`name` FROM `tp_area` WHERE `type` = 1  [ RunTime:0.0107s ]
INFO: [ app_end ] --START--
INFO: Run Behavior\ShowPageTraceBehavior [ RunTime:0.002613s ]
INFO: [ app_end ] --END-- [ RunTime:0.002951s ]

[ 2017-01-15T16:27:06+08:00 ] 127.0.0.1 /index.php/Home/Area/getCitys/pid/22
INFO: [ app_begin ] --START--
INFO: Run Behavior\ReadHtmlCacheBehavior [ RunTime:0.001369s ]
INFO: [ app_begin ] --END-- [ RunTime:0.002429s ]
SQL: SHOW COLUMNS FROM `tp_area` [ RunTime:0.0212s ]
SQL: SELECT `id`,`name` FROM `tp_area` WHERE `parent_id` = 22  [ RunTime:0.0074s ]
INFO: [ app_end ] --START--
INFO: Run Behavior\ShowPageTraceBehavior [ RunTime:0.001803s ]
INFO: [ app_end ] --END-- [ RunTime:0.001983s ]

[ 2017-01-15T16:27:21+08:00 ] 127.0.0.1 /index.php/Home/Area/getCitys/pid/5
INFO: [ app_begin ] --START--
INFO: Run Behavior\ReadHtmlCacheBehavior [ RunTime:0.009793s ]
INFO: [ app_begin ] --END-- [ RunTime:0.012330s ]
SQL: SHOW COLUMNS FROM `tp_area` [ RunTime:0.0268s ]
SQL: SELECT `id`,`name` FROM `tp_area` WHERE `parent_id` = 5  [ RunTime:0.0088s ]
INFO: [ app_end ] --START--
INFO: Run Behavior\ShowPageTraceBehavior [ RunTime:0.002274s ]
INFO: [ app_end ] --END-- [ RunTime:0.002565s ]

[ 2017-01-15T16:27:24+08:00 ] 127.0.0.1 /index.php/Home/Cinfo/getCitys/pid/%2BcountyId%2B.html
INFO: [ app_begin ] --START--
INFO: Run Behavior\ReadHtmlCacheBehavior [ RunTime:0.001779s ]
INFO: [ app_begin ] --END-- [ RunTime:0.003058s ]
ERR: 非法操作:getCitys

[ 2017-01-15T16:28:50+08:00 ] 127.0.0.1 /index.php/Home/Area/getProvinces.html
INFO: [ app_begin ] --START--
INFO: Run Behavior\ReadHtmlCacheBehavior [ RunTime:0.003099s ]
INFO: [ app_begin ] --END-- [ RunTime:0.004738s ]
SQL: SHOW COLUMNS FROM `tp_area` [ RunTime:0.0292s ]
SQL: SELECT `id`,`name` FROM `tp_area` WHERE `type` = 1  [ RunTime:0.0117s ]
INFO: [ app_end ] --START--
INFO: Run Behavior\ShowPageTraceBehavior [ RunTime:0.002390s ]
INFO: [ app_end ] --END-- [ RunTime:0.002609s ]

[ 2017-01-15T16:28:55+08:00 ] 127.0.0.1 /index.php/Home/Area/getCitys/pid/22
INFO: [ app_begin ] --START--
INFO: Run Behavior\ReadHtmlCacheBehavior [ RunTime:0.001851s ]
INFO: [ app_begin ] --END-- [ RunTime:0.003223s ]
SQL: SHOW COLUMNS FROM `tp_area` [ RunTime:0.0275s ]
SQL: SELECT `id`,`name` FROM `tp_area` WHERE `parent_id` = 22  [ RunTime:0.0097s ]
INFO: [ app_end ] --START--
INFO: Run Behavior\ShowPageTraceBehavior [ RunTime:0.001926s ]
INFO: [ app_end ] --END-- [ RunTime:0.002145s ]

[ 2017-01-15T16:28:59+08:00 ] 127.0.0.1 /index.php/Home/Area/getCountys/xpid/292
INFO: [ app_begin ] --START--
INFO: Run Behavior\ReadHtmlCacheBehavior [ RunTime:0.001731s ]
INFO: [ app_begin ] --END-- [ RunTime:0.003022s ]
SQL: SHOW COLUMNS FROM `tp_area` [ RunTime:0.0236s ]
SQL: SELECT `id`,`name` FROM `tp_area` WHERE `parent_id` = 292  [ RunTime:0.0069s ]
INFO: [ app_end ] --START--
INFO: Run Behavior\ShowPageTraceBehavior [ RunTime:0.001704s ]
INFO: [ app_end ] --END-- [ RunTime:0.001877s ]

[ 2017-01-15T16:46:16+08:00 ] 127.0.0.1 /index.php/Home/Area/getProvinces.html
INFO: [ app_begin ] --START--
INFO: Run Behavior\ReadHtmlCacheBehavior [ RunTime:0.002551s ]
INFO: [ app_begin ] --END-- [ RunTime:0.004535s ]
SQL: SHOW COLUMNS FROM `tp_area` [ RunTime:0.0194s ]
SQL: SELECT `id`,`name` FROM `tp_area` WHERE `type` = 1  [ RunTime:0.0083s ]
INFO: [ app_end ] --START--
INFO: Run Behavior\ShowPageTraceBehavior [ RunTime:0.001649s ]
INFO: [ app_end ] --END-- [ RunTime:0.001831s ]

[ 2017-01-15T16:46:44+08:00 ] 127.0.0.1 /index.php/Home/Area/getCitys/pid/22
INFO: [ app_begin ] --START--
INFO: Run Behavior\ReadHtmlCacheBehavior [ RunTime:0.006200s ]
INFO: [ app_begin ] --END-- [ RunTime:0.007974s ]
SQL: SHOW COLUMNS FROM `tp_area` [ RunTime:0.0271s ]
SQL: SELECT `id`,`name` FROM `tp_area` WHERE `parent_id` = 22  [ RunTime:0.0095s ]
INFO: [ app_end ] --START--
INFO: Run Behavior\ShowPageTraceBehavior [ RunTime:0.002816s ]
INFO: [ app_end ] --END-- [ RunTime:0.003027s ]

[ 2017-01-15T16:46:48+08:00 ] 127.0.0.1 /index.php/Home/Area/getCountys/xpid/292
INFO: [ app_begin ] --START--
INFO: Run Behavior\ReadHtmlCacheBehavior [ RunTime:0.001632s ]
INFO: [ app_begin ] --END-- [ RunTime:0.002810s ]
SQL: SHOW COLUMNS FROM `tp_area` [ RunTime:0.0262s ]
SQL: SELECT `id`,`name` FROM `tp_area` WHERE `parent_id` = 292  [ RunTime:0.0097s ]
INFO: [ app_end ] --START--
INFO: Run Behavior\ShowPageTraceBehavior [ RunTime:0.002342s ]
INFO: [ app_end ] --END-- [ RunTime:0.002551s ]

[ 2017-01-15T16:48:17+08:00 ] 127.0.0.1 /index.php/Home/Area/getCitys/pid/22
INFO: [ app_begin ] --START--
INFO: Run Behavior\ReadHtmlCacheBehavior [ RunTime:0.002827s ]
INFO: [ app_begin ] --END-- [ RunTime:0.004522s ]
SQL: SHOW COLUMNS FROM `tp_area` [ RunTime:0.0241s ]
SQL: SELECT `id`,`name` FROM `tp_area` WHERE `parent_id` = 22  [ RunTime:0.0078s ]
INFO: [ app_end ] --START--
INFO: Run Behavior\ShowPageTraceBehavior [ RunTime:0.002862s ]
INFO: [ app_end ] --END-- [ RunTime:0.003146s ]

[ 2017-01-15T16:48:19+08:00 ] 127.0.0.1 /index.php/Home/Area/getCountys/xpid/292
INFO: [ app_begin ] --START--
INFO: Run Behavior\ReadHtmlCacheBehavior [ RunTime:0.002274s ]
INFO: [ app_begin ] --END-- [ RunTime:0.004059s ]
SQL: SHOW COLUMNS FROM `tp_area` [ RunTime:0.0250s ]
SQL: SELECT `id`,`name` FROM `tp_area` WHERE `parent_id` = 292  [ RunTime:0.0083s ]
INFO: [ app_end ] --START--
INFO: Run Behavior\ShowPageTraceBehavior [ RunTime:0.002361s ]
INFO: [ app_end ] --END-- [ RunTime:0.002580s ]

[ 2017-01-15T16:48:33+08:00 ] 127.0.0.1 /index.php/Home/Area/getProvinces.html
INFO: [ app_begin ] --START--
INFO: Run Behavior\ReadHtmlCacheBehavior [ RunTime:0.003637s ]
INFO: [ app_begin ] --END-- [ RunTime:0.005240s ]
SQL: SHOW COLUMNS FROM `tp_area` [ RunTime:0.0351s ]
SQL: SELECT `id`,`name` FROM `tp_area` WHERE `type` = 1  [ RunTime:0.0116s ]
INFO: [ app_end ] --START--
INFO: Run Behavior\ShowPageTraceBehavior [ RunTime:0.001673s ]
INFO: [ app_end ] --END-- [ RunTime:0.001896s ]

[ 2017-01-15T16:49:08+08:00 ] 127.0.0.1 /index.php/Home/Area/getCitys/pid/2
INFO: [ app_begin ] --START--
INFO: Run Behavior\ReadHtmlCacheBehavior [ RunTime:0.003059s ]
INFO: [ app_begin ] --END-- [ RunTime:0.005302s ]
SQL: SHOW COLUMNS FROM `tp_area` [ RunTime:0.0318s ]
SQL: SELECT `id`,`name` FROM `tp_area` WHERE `parent_id` = 2  [ RunTime:0.0070s ]
INFO: [ app_end ] --START--
INFO: Run Behavior\ShowPageTraceBehavior [ RunTime:0.001777s ]
INFO: [ app_end ] --END-- [ RunTime:0.001955s ]

[ 2017-01-15T16:49:11+08:00 ] 127.0.0.1 /index.php/Home/Area/getCitys/pid/9
INFO: [ app_begin ] --START--
INFO: Run Behavior\ReadHtmlCacheBehavior [ RunTime:0.002774s ]
INFO: [ app_begin ] --END-- [ RunTime:0.004908s ]
SQL: SHOW COLUMNS FROM `tp_area` [ RunTime:0.0247s ]
SQL: SELECT `id`,`name` FROM `tp_area` WHERE `parent_id` = 9  [ RunTime:0.0102s ]
INFO: [ app_end ] --START--
INFO: Run Behavior\ShowPageTraceBehavior [ RunTime:0.002087s ]
INFO: [ app_end ] --END-- [ RunTime:0.002308s ]

[ 2017-01-15T16:49:12+08:00 ] 127.0.0.1 /index.php/Home/Area/getCountys/xpid/124
INFO: [ app_begin ] --START--
INFO: Run Behavior\ReadHtmlCacheBehavior [ RunTime:0.001769s ]
INFO: [ app_begin ] --END-- [ RunTime:0.003040s ]
SQL: SHOW COLUMNS FROM `tp_area` [ RunTime:0.0282s ]
SQL: SELECT `id`,`name` FROM `tp_area` WHERE `parent_id` = 124  [ RunTime:0.0115s ]
INFO: [ app_end ] --START--
INFO: Run Behavior\ShowPageTraceBehavior [ RunTime:0.002338s ]
INFO: [ app_end ] --END-- [ RunTime:0.002560s ]

[ 2017-01-15T16:53:09+08:00 ] 127.0.0.1 /index.php/Home/Area/getProvinces.html
INFO: [ app_begin ] --START--
INFO: Run Behavior\ReadHtmlCacheBehavior [ RunTime:0.002159s ]
INFO: [ app_begin ] --END-- [ RunTime:0.003880s ]
SQL: SHOW COLUMNS FROM `tp_area` [ RunTime:0.0420s ]
SQL: SELECT `id`,`name` FROM `tp_area` WHERE `type` = 1  [ RunTime:0.0143s ]
INFO: [ app_end ] --START--
INFO: Run Behavior\ShowPageTraceBehavior [ RunTime:0.002223s ]
INFO: [ app_end ] --END-- [ RunTime:0.002694s ]

[ 2017-01-15T16:53:15+08:00 ] 127.0.0.1 /index.php/Home/Area/getCitys/pid/16
INFO: [ app_begin ] --START--
INFO: Run Behavior\ReadHtmlCacheBehavior [ RunTime:0.001838s ]
INFO: [ app_begin ] --END-- [ RunTime:0.003185s ]
SQL: SHOW COLUMNS FROM `tp_area` [ RunTime:0.0340s ]
SQL: SELECT `id`,`name` FROM `tp_area` WHERE `parent_id` = 16  [ RunTime:0.0089s ]
INFO: [ app_end ] --START--
INFO: Run Behavior\ShowPageTraceBehavior [ RunTime:0.002649s ]
INFO: [ app_end ] --END-- [ RunTime:0.002895s ]

[ 2017-01-15T16:53:16+08:00 ] 127.0.0.1 /index.php/Home/Area/getCountys/xpid/231
INFO: [ app_begin ] --START--
INFO: Run Behavior\ReadHtmlCacheBehavior [ RunTime:0.002148s ]
INFO: [ app_begin ] --END-- [ RunTime:0.004424s ]
SQL: SHOW COLUMNS FROM `tp_area` [ RunTime:0.0193s ]
SQL: SELECT `id`,`name` FROM `tp_area` WHERE `parent_id` = 231  [ RunTime:0.0071s ]
INFO: [ app_end ] --START--
INFO: Run Behavior\ShowPageTraceBehavior [ RunTime:0.002084s ]
INFO: [ app_end ] --END-- [ RunTime:0.002304s ]

[ 2017-01-15T16:53:43+08:00 ] 127.0.0.1 /index.php/Home/Area/getProvinces.html
INFO: [ app_begin ] --START--
INFO: Run Behavior\ReadHtmlCacheBehavior [ RunTime:0.003820s ]
INFO: [ app_begin ] --END-- [ RunTime:0.006276s ]
SQL: SHOW COLUMNS FROM `tp_area` [ RunTime:0.0261s ]
SQL: SELECT `id`,`name` FROM `tp_area` WHERE `type` = 1  [ RunTime:0.0147s ]
INFO: [ app_end ] --START--
INFO: Run Behavior\ShowPageTraceBehavior [ RunTime:0.002423s ]
INFO: [ app_end ] --END-- [ RunTime:0.002674s ]

[ 2017-01-15T16:53:50+08:00 ] 127.0.0.1 /index.php/Home/Area/getCitys/pid/5
INFO: [ app_begin ] --START--
INFO: Run Behavior\ReadHtmlCacheBehavior [ RunTime:0.003583s ]
INFO: [ app_begin ] --END-- [ RunTime:0.006601s ]
SQL: SHOW COLUMNS FROM `tp_area` [ RunTime:0.0256s ]
SQL: SELECT `id`,`name` FROM `tp_area` WHERE `parent_id` = 5  [ RunTime:0.0088s ]
INFO: [ app_end ] --START--
INFO: Run Behavior\ShowPageTraceBehavior [ RunTime:0.002043s ]
INFO: [ app_end ] --END-- [ RunTime:0.002256s ]

[ 2017-01-15T16:53:52+08:00 ] 127.0.0.1 /index.php/Home/Area/getCountys/xpid/65
INFO: [ app_begin ] --START--
INFO: Run Behavior\ReadHtmlCacheBehavior [ RunTime:0.003089s ]
INFO: [ app_begin ] --END-- [ RunTime:0.005426s ]
SQL: SHOW COLUMNS FROM `tp_area` [ RunTime:0.0254s ]
SQL: SELECT `id`,`name` FROM `tp_area` WHERE `parent_id` = 65  [ RunTime:0.0088s ]
INFO: [ app_end ] --START--
INFO: Run Behavior\ShowPageTraceBehavior [ RunTime:0.002359s ]
INFO: [ app_end ] --END-- [ RunTime:0.002615s ]

[ 2017-01-15T16:54:56+08:00 ] 127.0.0.1 /index.php/Home/Cinfo/addperson.html
ERR: Think\Controller:query方法不存在！

[ 2017-01-15T16:55:22+08:00 ] 127.0.0.1 /index.php/Home/Cinfo/addperson.html
ERR: 1146:Table 'wechat.area' doesn't exist
 [ SQL语句 ] : select * from area where id in('5,65,626')

[ 2017-01-15T16:56:05+08:00 ] 127.0.0.1 /index.php/Home/Area/getCitys/pid/5
INFO: [ app_begin ] --START--
INFO: Run Behavior\ReadHtmlCacheBehavior [ RunTime:0.001863s ]
INFO: [ app_begin ] --END-- [ RunTime:0.002863s ]
SQL: SHOW COLUMNS FROM `tp_area` [ RunTime:0.0210s ]
SQL: SELECT `id`,`name` FROM `tp_area` WHERE `parent_id` = 5  [ RunTime:0.0063s ]
INFO: [ app_end ] --START--
INFO: Run Behavior\ShowPageTraceBehavior [ RunTime:0.001538s ]
INFO: [ app_end ] --END-- [ RunTime:0.001684s ]

[ 2017-01-15T16:56:06+08:00 ] 127.0.0.1 /index.php/Home/Area/getCountys/xpid/63
INFO: [ app_begin ] --START--
INFO: Run Behavior\ReadHtmlCacheBehavior [ RunTime:0.001804s ]
INFO: [ app_begin ] --END-- [ RunTime:0.003345s ]
SQL: SHOW COLUMNS FROM `tp_area` [ RunTime:0.0453s ]
SQL: SELECT `id`,`name` FROM `tp_area` WHERE `parent_id` = 63  [ RunTime:0.0098s ]
INFO: [ app_end ] --START--
INFO: Run Behavior\ShowPageTraceBehavior [ RunTime:0.002619s ]
INFO: [ app_end ] --END-- [ RunTime:0.002936s ]

[ 2017-01-15T16:56:40+08:00 ] 127.0.0.1 /index.php/Home/Area/getCitys/pid/12
INFO: [ app_begin ] --START--
INFO: Run Behavior\ReadHtmlCacheBehavior [ RunTime:0.001984s ]
INFO: [ app_begin ] --END-- [ RunTime:0.003574s ]
SQL: SHOW COLUMNS FROM `tp_area` [ RunTime:0.0484s ]
SQL: SELECT `id`,`name` FROM `tp_area` WHERE `parent_id` = 12  [ RunTime:0.0111s ]
INFO: [ app_end ] --START--
INFO: Run Behavior\ShowPageTraceBehavior [ RunTime:0.002326s ]
INFO: [ app_end ] --END-- [ RunTime:0.002563s ]

[ 2017-01-15T16:56:41+08:00 ] 127.0.0.1 /index.php/Home/Area/getCountys/xpid/171
INFO: [ app_begin ] --START--
INFO: Run Behavior\ReadHtmlCacheBehavior [ RunTime:0.001688s ]
INFO: [ app_begin ] --END-- [ RunTime:0.002883s ]
SQL: SHOW COLUMNS FROM `tp_area` [ RunTime:0.0382s ]
SQL: SELECT `id`,`name` FROM `tp_area` WHERE `parent_id` = 171  [ RunTime:0.0146s ]
INFO: [ app_end ] --START--
INFO: Run Behavior\ShowPageTraceBehavior [ RunTime:0.002032s ]
INFO: [ app_end ] --END-- [ RunTime:0.002263s ]

[ 2017-01-15T16:58:16+08:00 ] 127.0.0.1 /index.php/Home/Area/getCitys/pid/4
INFO: [ app_begin ] --START--
INFO: Run Behavior\ReadHtmlCacheBehavior [ RunTime:0.002860s ]
INFO: [ app_begin ] --END-- [ RunTime:0.004171s ]
SQL: SHOW COLUMNS FROM `tp_area` [ RunTime:0.0271s ]
SQL: SELECT `id`,`name` FROM `tp_area` WHERE `parent_id` = 4  [ RunTime:0.0135s ]
INFO: [ app_end ] --START--
INFO: Run Behavior\ShowPageTraceBehavior [ RunTime:0.002340s ]
INFO: [ app_end ] --END-- [ RunTime:0.002610s ]

[ 2017-01-15T16:58:17+08:00 ] 127.0.0.1 /index.php/Home/Area/getCountys/xpid/55
INFO: [ app_begin ] --START--
INFO: Run Behavior\ReadHtmlCacheBehavior [ RunTime:0.004096s ]
INFO: [ app_begin ] --END-- [ RunTime:0.005581s ]
SQL: SHOW COLUMNS FROM `tp_area` [ RunTime:0.0702s ]
SQL: SELECT `id`,`name` FROM `tp_area` WHERE `parent_id` = 55  [ RunTime:0.0095s ]
INFO: [ app_end ] --START--
INFO: Run Behavior\ShowPageTraceBehavior [ RunTime:0.001984s ]
INFO: [ app_end ] --END-- [ RunTime:0.002208s ]

[ 2017-01-15T16:58:50+08:00 ] 127.0.0.1 /index.php/Home/Cinfo/addperson.html
ERR: 1065:Query was empty

[ 2017-01-15T17:02:59+08:00 ] 127.0.0.1 /index.php/Home/Area/getCitys/pid/19
INFO: [ app_begin ] --START--
INFO: Run Behavior\ReadHtmlCacheBehavior [ RunTime:0.001707s ]
INFO: [ app_begin ] --END-- [ RunTime:0.003007s ]
SQL: SHOW COLUMNS FROM `tp_area` [ RunTime:0.0182s ]
SQL: SELECT `id`,`name` FROM `tp_area` WHERE `parent_id` = 19  [ RunTime:0.0061s ]
INFO: [ app_end ] --START--
INFO: Run Behavior\ShowPageTraceBehavior [ RunTime:0.001967s ]
INFO: [ app_end ] --END-- [ RunTime:0.002165s ]

[ 2017-01-15T17:03:01+08:00 ] 127.0.0.1 /index.php/Home/Area/getCountys/xpid/267
INFO: [ app_begin ] --START--
INFO: Run Behavior\ReadHtmlCacheBehavior [ RunTime:0.002557s ]
INFO: [ app_begin ] --END-- [ RunTime:0.004299s ]
SQL: SHOW COLUMNS FROM `tp_area` [ RunTime:0.0261s ]
SQL: SELECT `id`,`name` FROM `tp_area` WHERE `parent_id` = 267  [ RunTime:0.0080s ]
INFO: [ app_end ] --START--
INFO: Run Behavior\ShowPageTraceBehavior [ RunTime:0.001939s ]
INFO: [ app_end ] --END-- [ RunTime:0.002129s ]

[ 2017-01-15T17:09:46+08:00 ] 127.0.0.1 /index.php/Home/Area/getProvinces.html
INFO: [ app_begin ] --START--
INFO: Run Behavior\ReadHtmlCacheBehavior [ RunTime:0.004852s ]
INFO: [ app_begin ] --END-- [ RunTime:0.006933s ]
SQL: SHOW COLUMNS FROM `tp_area` [ RunTime:0.0225s ]
SQL: SELECT `id`,`name` FROM `tp_area` WHERE `type` = 1  [ RunTime:0.0078s ]
INFO: [ app_end ] --START--
INFO: Run Behavior\ShowPageTraceBehavior [ RunTime:0.002242s ]
INFO: [ app_end ] --END-- [ RunTime:0.002494s ]

[ 2017-01-15T17:12:19+08:00 ] 127.0.0.1 /index.php/Home/Area/getProvinces.html
INFO: [ app_begin ] --START--
INFO: Run Behavior\ReadHtmlCacheBehavior [ RunTime:0.001878s ]
INFO: [ app_begin ] --END-- [ RunTime:0.003139s ]
SQL: SHOW COLUMNS FROM `tp_area` [ RunTime:0.0285s ]
SQL: SELECT `id`,`name` FROM `tp_area` WHERE `type` = 1  [ RunTime:0.0075s ]
INFO: [ app_end ] --START--
INFO: Run Behavior\ShowPageTraceBehavior [ RunTime:0.001653s ]
INFO: [ app_end ] --END-- [ RunTime:0.001851s ]

[ 2017-01-15T17:13:12+08:00 ] 127.0.0.1 /index.php/Home/Area/getCitys/pid/16
INFO: [ app_begin ] --START--
INFO: Run Behavior\ReadHtmlCacheBehavior [ RunTime:0.003303s ]
INFO: [ app_begin ] --END-- [ RunTime:0.006373s ]
SQL: SHOW COLUMNS FROM `tp_area` [ RunTime:0.0253s ]
SQL: SELECT `id`,`name` FROM `tp_area` WHERE `parent_id` = 16  [ RunTime:0.0084s ]
INFO: [ app_end ] --START--
INFO: Run Behavior\ShowPageTraceBehavior [ RunTime:0.003006s ]
INFO: [ app_end ] --END-- [ RunTime:0.003280s ]

[ 2017-01-15T17:13:14+08:00 ] 127.0.0.1 /index.php/Home/Area/getCountys/xpid/231
INFO: [ app_begin ] --START--
INFO: Run Behavior\ReadHtmlCacheBehavior [ RunTime:0.002106s ]
INFO: [ app_begin ] --END-- [ RunTime:0.003605s ]
SQL: SHOW COLUMNS FROM `tp_area` [ RunTime:0.0228s ]
SQL: SELECT `id`,`name` FROM `tp_area` WHERE `parent_id` = 231  [ RunTime:0.0080s ]
INFO: [ app_end ] --START--
INFO: Run Behavior\ShowPageTraceBehavior [ RunTime:0.002285s ]
INFO: [ app_end ] --END-- [ RunTime:0.002518s ]

[ 2017-01-15T17:14:47+08:00 ] 127.0.0.1 /index.php/Home/Area/getProvinces.html
INFO: [ app_begin ] --START--
INFO: Run Behavior\ReadHtmlCacheBehavior [ RunTime:0.003012s ]
INFO: [ app_begin ] --END-- [ RunTime:0.004849s ]
SQL: SHOW COLUMNS FROM `tp_area` [ RunTime:0.0300s ]
SQL: SELECT `id`,`name` FROM `tp_area` WHERE `type` = 1  [ RunTime:0.0088s ]
INFO: [ app_end ] --START--
INFO: Run Behavior\ShowPageTraceBehavior [ RunTime:0.002599s ]
INFO: [ app_end ] --END-- [ RunTime:0.002873s ]

[ 2017-01-15T17:14:50+08:00 ] 127.0.0.1 /index.php/Home/Area/getCitys/pid/5
INFO: [ app_begin ] --START--
INFO: Run Behavior\ReadHtmlCacheBehavior [ RunTime:0.013714s ]
INFO: [ app_begin ] --END-- [ RunTime:0.014850s ]
SQL: SHOW COLUMNS FROM `tp_area` [ RunTime:0.0278s ]
SQL: SELECT `id`,`name` FROM `tp_area` WHERE `parent_id` = 5  [ RunTime:0.0103s ]
INFO: [ app_end ] --START--
INFO: Run Behavior\ShowPageTraceBehavior [ RunTime:0.001670s ]
INFO: [ app_end ] --END-- [ RunTime:0.002112s ]

[ 2017-01-15T17:14:53+08:00 ] 127.0.0.1 /index.php/Home/Area/getCountys/xpid/67
INFO: [ app_begin ] --START--
INFO: Run Behavior\ReadHtmlCacheBehavior [ RunTime:0.002444s ]
INFO: [ app_begin ] --END-- [ RunTime:0.005011s ]
SQL: SHOW COLUMNS FROM `tp_area` [ RunTime:0.0243s ]
SQL: SELECT `id`,`name` FROM `tp_area` WHERE `parent_id` = 67  [ RunTime:0.0085s ]
INFO: [ app_end ] --START--
INFO: Run Behavior\ShowPageTraceBehavior [ RunTime:0.002161s ]
INFO: [ app_end ] --END-- [ RunTime:0.002395s ]

[ 2017-01-15T17:15:06+08:00 ] 127.0.0.1 /index.php/Home/Cinfo/editperson.html
ERR: 1064:You have an error in your SQL syntax; check the manual that corresponds to your MySQL server version for the right syntax to use near '67,635)' at line 1
 [ SQL语句 ] : select * from tp_area where id in(,67,635)

